<?xml version="1.0" encoding="UTF-8"?>
<TestRun id="e9b4ffa7-a3ec-4173-99b4-db910b03f683" name="rbvm@BURSTINI 2013-05-28 04:15:00_Any CPU_Debug" runUser="AD-BEDAG-CH\rbvm" xmlns="http://microsoft.com/schemas/VisualStudio/TeamTest/2010">
    <TestSettings name="KiSS4 SQL Database" id="e65f2a6c-2120-48b0-99c9-9ec3db2aeff2">
        <Description>KiSS4 unit test settings for tests on a real database.</Description>
        <Deployment userDeploymentRoot="E:\KiSS-Builds\2\KiSS\KiSS4 Nightly Tests\TestResults" useDefaultDeploymentRoot="false" runDeploymentRoot="rbvm_BURSTINI 2013-05-28 04_15_00_Any CPU_Debug">
            <DeploymentItem filename="Database.config" />
        </Deployment>
        <Execution>
            <TestTypeSpecific>
                <UnitTestRunConfig testTypeId="13cdc9d9-ddb5-4fa4-a97d-d965ccfc6d4b">
                    <AssemblyResolution>
                        <TestDirectory useLoadContext="true" />
                    </AssemblyResolution>
                </UnitTestRunConfig>
            </TestTypeSpecific>
            <AgentRule name="Execution Agents">
            </AgentRule>
        </Execution>
    </TestSettings>
    <Times creation="2013-05-28T04:15:00.1259890+02:00" queuing="2013-05-28T04:15:12.9541961+02:00" start="2013-05-28T04:15:13.8760770+02:00" finish="2013-05-28T04:24:10.5357616+02:00" />
    <ResultSummary outcome="Inconclusive">
        <Counters total="354" executed="354" passed="352" error="0" failed="0" timeout="0" aborted="0" inconclusive="2" passedButRunAborted="0" notRunnable="0" notExecuted="0" disconnected="0" warning="0" completed="0" inProgress="0" pending="0" />
        <Output>
            <StdOut>
                Using DB (server=schinti\a99tdbsql08;initial catalog=KiSS_BSS_TestRelease_R4531;user id=kiss3;password=kiss2012).
                Using DB (server=schinti\a99tdbsql08;initial catalog=KiSS_BSS_TestRelease_R4531;user id=kiss3;password=kiss2012).
                Using DB (server=schinti\a99tdbsql08;initial catalog=KiSS_BSS_TestRelease_R4531;user id=kiss3;password=kiss2012).
                Using DB (server=schinti\a99tdbsql08;initial catalog=KiSS_BSS_TestRelease_R4531;user id=kiss3;password=kiss2012).
                Using DB (server=schinti\a99tdbsql08;initial catalog=KiSS_BSS_TestRelease_R4531;user id=kiss3;password=kiss2012).
                Using DB (server=schinti\a99tdbsql08;initial catalog=KiSS_BSS_TestRelease_R4531;user id=kiss3;password=kiss2012).
                Using DB (server=schinti\a99tdbsql08;initial catalog=KiSS_BSS_TestRelease_R4531;user id=kiss3;password=kiss2012).
                Using DB (server=schinti\a99tdbsql08;initial catalog=KiSS_BSS_TestRelease_R4531;user id=kiss3;password=kiss2012).
                Using DB (server=schinti\a99tdbsql08;initial catalog=KiSS_BSS_TestRelease_R4531;user id=kiss3;password=kiss2012).
                Using DB (server=schinti\a99tdbsql08;initial catalog=KiSS_BSS_TestRelease_R4531;user id=kiss3;password=kiss2012).
                Using DB (server=schinti\a99tdbsql08;initial catalog=KiSS_BSS_TestRelease_R4531;user id=kiss3;password=kiss2012).
                Using DB (server=schinti\a99tdbsql08;initial catalog=KiSS_BSS_TestRelease_R4531;user id=kiss3;password=kiss2012).
                Using DB (server=schinti\a99tdbsql08;initial catalog=KiSS_BSS_TestRelease_R4531;user id=kiss3;password=kiss2012).
                Using DB (server=schinti\a99tdbsql08;initial catalog=KiSS_BSS_TestRelease_R4531;user id=kiss3;password=kiss2012).
                Using DB (server=schinti\a99tdbsql08;initial catalog=KiSS_BSS_TestRelease_R4531;user id=kiss3;password=kiss2012).
                Using DB (server=schinti\a99tdbsql08;initial catalog=KiSS_BSS_TestRelease_R4531;user id=kiss3;password=kiss2012).
                Using DB (server=schinti\a99tdbsql08;initial catalog=KiSS_BSS_TestRelease_R4531;user id=kiss3;password=kiss2012).
                Using DB (server=schinti\a99tdbsql08;initial catalog=KiSS_BSS_TestRelease_R4531;user id=kiss3;password=kiss2012).
                Using DB (server=schinti\a99tdbsql08;initial catalog=KiSS_BSS_TestRelease_R4531;user id=kiss3;password=kiss2012).
                Using DB (server=schinti\a99tdbsql08;initial catalog=KiSS_BSS_TestRelease_R4531;user id=kiss3;password=kiss2012).
                Using DB (server=schinti\a99tdbsql08;initial catalog=KiSS_BSS_TestRelease_R4531;user id=kiss3;password=kiss2012).
                Using DB (server=schinti\a99tdbsql08;initial catalog=KiSS_BSS_TestRelease_R4531;user id=kiss3;password=kiss2012).
                Using DB (server=schinti\a99tdbsql08;initial catalog=KiSS_BSS_TestRelease_R4531;user id=kiss3;password=kiss2012).
                Using DB (server=schinti\a99tdbsql08;initial catalog=KiSS_BSS_TestRelease_R4531;user id=kiss3;password=kiss2012).
                Using DB (server=schinti\a99tdbsql08;initial catalog=KiSS_BSS_TestRelease_R4531;user id=kiss3;password=kiss2012).
                Using DB (server=schinti\a99tdbsql08;initial catalog=KiSS_BSS_TestRelease_R4531;user id=kiss3;password=kiss2012).
                Using DB (server=schinti\a99tdbsql08;initial catalog=KiSS_BSS_TestRelease_R4531;user id=kiss3;password=kiss2012).
            </StdOut>
            <DebugTrace>DBVersion: 4.5.31.0DBVersion: 4.5.31.0DBVersion: 4.5.31.0DBVersion: 4.5.31.0DBVersion: 4.5.31.0DBVersion: 4.5.31.0DBVersion: 4.5.31.0DBVersion: 4.5.31.0DBVersion: 4.5.31.0DBVersion: 4.5.31.0DBVersion: 4.5.31.0DBVersion: 4.5.31.0DBVersion: 4.5.31.0DBVersion: 4.5.31.0DBVersion: 4.5.31.0DBVersion: 4.5.31.0DBVersion: 4.5.31.0DBVersion: 4.5.31.0DBVersion: 4.5.31.0DBVersion: 4.5.31.0DBVersion: 4.5.31.0DBVersion: 4.5.31.0DBVersion: 4.5.31.0DBVersion: 4.5.31.0DBVersion: 4.5.31.0DBVersion: 4.5.31.0DBVersion: 4.5.31.0</DebugTrace>
        </Output>
    </ResultSummary>
    <TestDefinitions>
        <UnitTest name="Test_ParseTwoRecordFirstTooLongSecondWithoutEndLine" storage="e:\kiss-builds\2\kiss\kiss4 nightly tests\binaries\kiss.klibu.bl.test.dll" id="89ec15df-e80d-9335-0ec6-437c445bc34c">
            <Description>
                Parse a too long bank records, and a second correct one without
                .
            </Description>
            <TestCategory>
                <TestCategoryItem TestCategory="Local" />
            </TestCategory>
            <Execution id="379b7b78-f4f0-44f6-845a-060e2dac2249" />
            <TestMethod codeBase="E:/KiSS-Builds/2/KiSS/KiSS4 Nightly Tests/Binaries/KiSS.KliBu.BL.Test.DLL" adapterTypeName="Microsoft.VisualStudio.TestTools.TestTypes.Unit.UnitTestAdapter, Microsoft.VisualStudio.QualityTools.Tips.UnitTest.Adapter, Version=10.0.0.0, Culture=neutral, PublicKeyToken=b03f5f7f11d50a3a" className="KiSS.KliBu.BL.Test.UnitTest.BankParserTest, KiSS.KliBu.BL.Test, Version=4.5.22.204, Culture=neutral, PublicKeyToken=null" name="Test_ParseTwoRecordFirstTooLongSecondWithoutEndLine" />
        </UnitTest>
        <UnitTest name="Validate_ValidateEntity_ResultIsOk" storage="e:\kiss-builds\2\kiss\kiss4 nightly tests\binaries\kiss.bl.test.dll" id="30d316b1-da60-54f3-74f3-0b39d19fa594">
            <Execution id="cf582284-7aa3-437e-8cab-1a2cd699442f" />
            <TestMethod codeBase="E:/KiSS-Builds/2/KiSS/KiSS4 Nightly Tests/Binaries/Kiss.BL.Test.DLL" adapterTypeName="Microsoft.VisualStudio.TestTools.TestTypes.Unit.UnitTestAdapter, Microsoft.VisualStudio.QualityTools.Tips.UnitTest.Adapter, Version=10.0.0.0, Culture=neutral, PublicKeyToken=b03f5f7f11d50a3a" className="Kiss.BL.Test.Fs.FsReduktionServiceTest, Kiss.BL.Test, Version=4.5.22.204, Culture=neutral, PublicKeyToken=null" name="Validate_ValidateEntity_ResultIsOk" />
        </UnitTest>
        <UnitTest name="Validate_StandardAufwandIsLessThan0_ResultIsStandardAufwandError" storage="e:\kiss-builds\2\kiss\kiss4 nightly tests\binaries\kiss.bl.test.dll" id="315af571-203d-0b93-f525-0742cef6e329">
            <Execution id="f1a33027-b83c-4a07-bb55-c28a01f82d14" />
            <TestMethod codeBase="E:/KiSS-Builds/2/KiSS/KiSS4 Nightly Tests/Binaries/Kiss.BL.Test.DLL" adapterTypeName="Microsoft.VisualStudio.TestTools.TestTypes.Unit.UnitTestAdapter, Microsoft.VisualStudio.QualityTools.Tips.UnitTest.Adapter, Version=10.0.0.0, Culture=neutral, PublicKeyToken=b03f5f7f11d50a3a" className="Kiss.BL.Test.Fs.FsReduktionServiceTest, Kiss.BL.Test, Version=4.5.22.204, Culture=neutral, PublicKeyToken=null" name="Validate_StandardAufwandIsLessThan0_ResultIsStandardAufwandError" />
        </UnitTest>
        <UnitTest name="BetragJaehrlich_SetBetragMonatlich_BetragJaehrlichIsSet" storage="e:\kiss-builds\2\kiss\kiss4 nightly tests\binaries\kiss.model.test.dll" id="918db99d-82ca-371e-9670-611648da3a4b">
            <Execution id="77fe6d2d-c05b-473a-a6f3-60a944739354" />
            <TestMethod codeBase="E:/KiSS-Builds/2/KiSS/KiSS4 Nightly Tests/Binaries/Kiss.Model.Test.DLL" adapterTypeName="Microsoft.VisualStudio.TestTools.TestTypes.Unit.UnitTestAdapter, Microsoft.VisualStudio.QualityTools.Tips.UnitTest.Adapter, Version=10.0.0.0, Culture=neutral, PublicKeyToken=b03f5f7f11d50a3a" className="Kiss.Model.Test.PartialTest.VmPositionPartialTest, Kiss.Model.Test, Version=4.5.22.204, Culture=neutral, PublicKeyToken=null" name="BetragJaehrlich_SetBetragMonatlich_BetragJaehrlichIsSet" />
        </UnitTest>
        <UnitTest name="Test_RuleClearingNr" storage="e:\kiss-builds\2\kiss\kiss4 nightly tests\binaries\kiss.klibu.bl.test.dll" id="42d4cb89-70ae-b87d-3592-aae6175dec97">
            <Description>Test the rule for ClearingNr</Description>
            <TestCategory>
                <TestCategoryItem TestCategory="Local" />
            </TestCategory>
            <Execution id="fb544d55-0295-4e05-b4bc-3d24da80abd4" />
            <TestMethod codeBase="E:/KiSS-Builds/2/KiSS/KiSS4 Nightly Tests/Binaries/KiSS.KliBu.BL.Test.DLL" adapterTypeName="Microsoft.VisualStudio.TestTools.TestTypes.Unit.UnitTestAdapter, Microsoft.VisualStudio.QualityTools.Tips.UnitTest.Adapter, Version=10.0.0.0, Culture=neutral, PublicKeyToken=b03f5f7f11d50a3a" className="KiSS.KliBu.BL.Test.UnitTest.BankValidatorTest, KiSS.KliBu.BL.Test, Version=4.5.22.204, Culture=neutral, PublicKeyToken=null" name="Test_RuleClearingNr" />
        </UnitTest>
        <UnitTest name="GetByFaLeistungId_BudgetExists_ReturnBudget" storage="e:\kiss-builds\2\kiss\kiss4 nightly tests\binaries\kiss.bl.test.dll" id="08fd41ce-efa8-02b1-9c43-1e7f271f5126">
            <Execution id="1dcb9760-efff-4ae2-bdbe-3bf4770ea081" />
            <TestMethod codeBase="E:/KiSS-Builds/2/KiSS/KiSS4 Nightly Tests/Binaries/Kiss.BL.Test.DLL" adapterTypeName="Microsoft.VisualStudio.TestTools.TestTypes.Unit.UnitTestAdapter, Microsoft.VisualStudio.QualityTools.Tips.UnitTest.Adapter, Version=10.0.0.0, Culture=neutral, PublicKeyToken=b03f5f7f11d50a3a" className="Kiss.BL.Test.Vm.VmKlientenbudgetDTOServiceTest, Kiss.BL.Test, Version=4.5.22.204, Culture=neutral, PublicKeyToken=null" name="GetByFaLeistungId_BudgetExists_ReturnBudget" />
        </UnitTest>
        <UnitTest name="Validate_ModifiedIsLessThanSqlDateTimeMin_HasError" storage="e:\kiss-builds\2\kiss\kiss4 nightly tests\binaries\kiss.bl.test.dll" id="b64975c0-81f9-1a7f-761d-16630dffb25b">
            <Execution id="3af588be-6db6-4f57-be78-b3a223cad2fa" />
            <TestMethod codeBase="E:/KiSS-Builds/2/KiSS/KiSS4 Nightly Tests/Binaries/Kiss.BL.Test.DLL" adapterTypeName="Microsoft.VisualStudio.TestTools.TestTypes.Unit.UnitTestAdapter, Microsoft.VisualStudio.QualityTools.Tips.UnitTest.Adapter, Version=10.0.0.0, Culture=neutral, PublicKeyToken=b03f5f7f11d50a3a" className="Kiss.BL.Test.ValidatorBaseTest, Kiss.BL.Test, Version=4.5.22.204, Culture=neutral, PublicKeyToken=null" name="Validate_ModifiedIsLessThanSqlDateTimeMin_HasError" />
        </UnitTest>
        <UnitTest name="Validate_NullableDecimalIsNotInRange_HasError" storage="e:\kiss-builds\2\kiss\kiss4 nightly tests\binaries\kiss.bl.test.dll" id="19ae473f-6099-5227-f06d-3059e00ca763">
            <Execution id="2c51ff06-dae8-46cd-b2c6-2fbbb62d8206" />
            <TestMethod codeBase="E:/KiSS-Builds/2/KiSS/KiSS4 Nightly Tests/Binaries/Kiss.BL.Test.DLL" adapterTypeName="Microsoft.VisualStudio.TestTools.TestTypes.Unit.UnitTestAdapter, Microsoft.VisualStudio.QualityTools.Tips.UnitTest.Adapter, Version=10.0.0.0, Culture=neutral, PublicKeyToken=b03f5f7f11d50a3a" className="Kiss.BL.Test.ValidatorBaseTest, Kiss.BL.Test, Version=4.5.22.204, Culture=neutral, PublicKeyToken=null" name="Validate_NullableDecimalIsNotInRange_HasError" />
        </UnitTest>
        <UnitTest name="Test_DtaRecordFactoryKlibuNOK" storage="e:\kiss-builds\2\kiss\kiss4 nightly tests\binaries\kiss4.schnittstellen.test.dll" id="424019e2-33f0-2722-b86f-6c7ecd0b892c">
            <Execution id="00db78ea-1b2d-43f4-89ff-b7114edcf46d" />
            <TestMethod codeBase="E:/KiSS-Builds/2/KiSS/KiSS4 Nightly Tests/Binaries/KiSS4.Schnittstellen.Test.DLL" adapterTypeName="Microsoft.VisualStudio.TestTools.TestTypes.Unit.UnitTestAdapter, Microsoft.VisualStudio.QualityTools.Tips.UnitTest.Adapter, Version=10.0.0.0, Culture=neutral, PublicKeyToken=b03f5f7f11d50a3a" className="KiSS4.Schnittstellen.Test.DtaRecordFactoryTests, KiSS4.Schnittstellen.Test, Version=4.5.22.204, Culture=neutral, PublicKeyToken=null" name="Test_DtaRecordFactoryKlibuNOK" />
        </UnitTest>
        <UnitTest name="TryGetValue_NullableIntNull_ValueFound" storage="e:\kiss-builds\2\kiss\kiss4 nightly tests\binaries\kiss.infrastructure.test.dll" id="5555d58b-fc7e-dfb7-ee34-07fd8d30afaa">
            <Execution id="48d57731-8cd3-4c37-8cf5-c45c2fa7a136" />
            <TestMethod codeBase="E:/KiSS-Builds/2/KiSS/KiSS4 Nightly Tests/Binaries/Kiss.Infrastructure.Test.DLL" adapterTypeName="Microsoft.VisualStudio.TestTools.TestTypes.Unit.UnitTestAdapter, Microsoft.VisualStudio.QualityTools.Tips.UnitTest.Adapter, Version=10.0.0.0, Culture=neutral, PublicKeyToken=b03f5f7f11d50a3a" className="Kiss.Infrastructure.Test.ExtensionsTest, Kiss.Infrastructure.Test, Version=1.0.0.0, Culture=neutral, PublicKeyToken=null" name="TryGetValue_NullableIntNull_ValueFound" />
        </UnitTest>
        <UnitTest name="Test_FavoriteNameTooLong" storage="e:\kiss-builds\2\kiss\kiss4 nightly tests\binaries\kiss4.favoriten.test.dll" id="8128752c-b306-2d1d-1c8b-243eef322bee">
            <Execution id="ad4f72e2-2c64-4d89-9a14-26451115c26c" />
            <TestMethod codeBase="E:/KiSS-Builds/2/KiSS/KiSS4 Nightly Tests/Binaries/KiSS4.Favoriten.Test.DLL" adapterTypeName="Microsoft.VisualStudio.TestTools.TestTypes.Unit.UnitTestAdapter, Microsoft.VisualStudio.QualityTools.Tips.UnitTest.Adapter, Version=10.0.0.0, Culture=neutral, PublicKeyToken=b03f5f7f11d50a3a" className="KiSS4.Favoriten.Test.BusinessRules.IncorrectTests, KiSS4.Favoriten.Test, Version=4.5.22.204, Culture=neutral, PublicKeyToken=null" name="Test_FavoriteNameTooLong" />
        </UnitTest>
        <UnitTest name="Test_GetStream" storage="e:\kiss-builds\2\kiss\kiss4 nightly tests\binaries\kiss.common.test.dll" id="042da973-6a85-8394-aee7-3d19e352f7fb">
            <Description>Get the zip file stream</Description>
            <TestCategory>
                <TestCategoryItem TestCategory="TestData" />
            </TestCategory>
            <DeploymentItems>
                <DeploymentItem filename="TestFiles\bcbankenstamm.zip" outputDirectory="TestFiles" />
            </DeploymentItems>
            <Execution id="2706efdb-1bcb-44aa-a665-6dc0a5930e2a" />
            <TestMethod codeBase="E:/KiSS-Builds/2/KiSS/KiSS4 Nightly Tests/Binaries/KiSS.Common.Test.DLL" adapterTypeName="Microsoft.VisualStudio.TestTools.TestTypes.Unit.UnitTestAdapter, Microsoft.VisualStudio.QualityTools.Tips.UnitTest.Adapter, Version=10.0.0.0, Culture=neutral, PublicKeyToken=b03f5f7f11d50a3a" className="KiSS.Common.Test.ZipTest, KiSS.Common.Test, Version=4.5.22.204, Culture=neutral, PublicKeyToken=null" name="Test_GetStream" />
        </UnitTest>
        <UnitTest name="GetAlter_Geburtsdatum_Referenzdatum_Vor_Geburtsdatum" storage="e:\kiss-builds\2\kiss\kiss4 nightly tests\binaries\kiss.model.test.dll" id="e6bcacf8-0151-0a87-c575-f161af022554">
            <Execution id="5b2e9de9-2f38-45e0-b0fd-494a3e07d469" />
            <TestMethod codeBase="E:/KiSS-Builds/2/KiSS/KiSS4 Nightly Tests/Binaries/Kiss.Model.Test.DLL" adapterTypeName="Microsoft.VisualStudio.TestTools.TestTypes.Unit.UnitTestAdapter, Microsoft.VisualStudio.QualityTools.Tips.UnitTest.Adapter, Version=10.0.0.0, Culture=neutral, PublicKeyToken=b03f5f7f11d50a3a" className="Kiss.Model.Test.PartialTest.BaPersonPartialTest, Kiss.Model.Test, Version=4.5.22.204, Culture=neutral, PublicKeyToken=null" name="GetAlter_Geburtsdatum_Referenzdatum_Vor_Geburtsdatum" />
        </UnitTest>
        <UnitTest name="ImportData_VvgPosition_ImportIsOk" storage="e:\kiss-builds\2\kiss\kiss4 nightly tests\binaries\kiss.bl.test.dll" id="845463c6-be67-9168-aa02-32cc56abb085">
            <Execution id="8196973e-d24e-4d05-abfe-ed7d01aab69f" />
            <TestMethod codeBase="E:/KiSS-Builds/2/KiSS/KiSS4 Nightly Tests/Binaries/Kiss.BL.Test.DLL" adapterTypeName="Microsoft.VisualStudio.TestTools.TestTypes.Unit.UnitTestAdapter, Microsoft.VisualStudio.QualityTools.Tips.UnitTest.Adapter, Version=10.0.0.0, Culture=neutral, PublicKeyToken=b03f5f7f11d50a3a" className="Kiss.BL.Test.Vm.VmPositionServiceTest, Kiss.BL.Test, Version=4.5.22.204, Culture=neutral, PublicKeyToken=null" name="ImportData_VvgPosition_ImportIsOk" />
        </UnitTest>
        <UnitTest name="DeleteEntries_LastMonth" storage="e:\kiss-builds\2\kiss\kiss4 nightly tests\binaries\kiss.bl.test.dll" id="0fa75a26-8d65-73df-a2b0-1501e8ec7d6c">
            <Execution id="14021413-074d-45bf-8279-20d9f0f15819" />
            <TestMethod codeBase="E:/KiSS-Builds/2/KiSS/KiSS4 Nightly Tests/Binaries/Kiss.BL.Test.DLL" adapterTypeName="Microsoft.VisualStudio.TestTools.TestTypes.Unit.UnitTestAdapter, Microsoft.VisualStudio.QualityTools.Tips.UnitTest.Adapter, Version=10.0.0.0, Culture=neutral, PublicKeyToken=b03f5f7f11d50a3a" className="Kiss.BL.Test.Fs.FsReduktionMitarbeiterServiceTest, Kiss.BL.Test, Version=4.5.22.204, Culture=neutral, PublicKeyToken=null" name="DeleteEntries_LastMonth" />
        </UnitTest>
        <UnitTest name="Test_AdditionOverOneYear" storage="e:\kiss-builds\2\kiss\kiss4 nightly tests\binaries\kiss.infrastructure.test.dll" id="263a091e-04e4-80c2-31c0-2c80c6abb1e5">
            <Execution id="c94a71a7-6fc2-4936-aae8-1075c415bb75" />
            <TestMethod codeBase="E:/KiSS-Builds/2/KiSS/KiSS4 Nightly Tests/Binaries/Kiss.Infrastructure.Test.DLL" adapterTypeName="Microsoft.VisualStudio.TestTools.TestTypes.Unit.UnitTestAdapter, Microsoft.VisualStudio.QualityTools.Tips.UnitTest.Adapter, Version=10.0.0.0, Culture=neutral, PublicKeyToken=b03f5f7f11d50a3a" className="Kiss.Infrastructure.Test.MonthYearTest, Kiss.Infrastructure.Test, Version=1.0.0.0, Culture=neutral, PublicKeyToken=null" name="Test_AdditionOverOneYear" />
        </UnitTest>
        <UnitTest name="Test_AdditionOverOneYearMinusOneMonth" storage="e:\kiss-builds\2\kiss\kiss4 nightly tests\binaries\kiss.infrastructure.test.dll" id="6fe0716b-c936-6af7-a3bc-5d6332e177be">
            <Execution id="fde2a548-99db-458b-a77a-22d0df9191e8" />
            <TestMethod codeBase="E:/KiSS-Builds/2/KiSS/KiSS4 Nightly Tests/Binaries/Kiss.Infrastructure.Test.DLL" adapterTypeName="Microsoft.VisualStudio.TestTools.TestTypes.Unit.UnitTestAdapter, Microsoft.VisualStudio.QualityTools.Tips.UnitTest.Adapter, Version=10.0.0.0, Culture=neutral, PublicKeyToken=b03f5f7f11d50a3a" className="Kiss.Infrastructure.Test.MonthYearTest, Kiss.Infrastructure.Test, Version=1.0.0.0, Culture=neutral, PublicKeyToken=null" name="Test_AdditionOverOneYearMinusOneMonth" />
        </UnitTest>
        <UnitTest name="Test_OkWhenGueltigAbIsNotNull" storage="e:\kiss-builds\2\kiss\kiss4 nightly tests\binaries\kiss.klibu.bl.test.dll" id="565f04c6-b8aa-3519-5264-acbe004f5e3b">
            <Description>Should not have a validation error when the FilialeNr is in the range</Description>
            <TestCategory>
                <TestCategoryItem TestCategory="Local" />
            </TestCategory>
            <Execution id="5cc2fdf8-0a3c-48cc-aa7e-2c7f2b89a764" />
            <TestMethod codeBase="E:/KiSS-Builds/2/KiSS/KiSS4 Nightly Tests/Binaries/KiSS.KliBu.BL.Test.DLL" adapterTypeName="Microsoft.VisualStudio.TestTools.TestTypes.Unit.UnitTestAdapter, Microsoft.VisualStudio.QualityTools.Tips.UnitTest.Adapter, Version=10.0.0.0, Culture=neutral, PublicKeyToken=b03f5f7f11d50a3a" className="KiSS.KliBu.BL.Test.UnitTest.BankValidatorTest, KiSS.KliBu.BL.Test, Version=4.5.22.204, Culture=neutral, PublicKeyToken=null" name="Test_OkWhenGueltigAbIsNotNull" />
        </UnitTest>
        <UnitTest name="Test_Increment" storage="e:\kiss-builds\2\kiss\kiss4 nightly tests\binaries\kiss.infrastructure.test.dll" id="d8d9d74b-2f99-cbee-02fa-042af5e2dc03">
            <Execution id="31e5b2ff-8e11-4133-ab22-72fac5c09050" />
            <TestMethod codeBase="E:/KiSS-Builds/2/KiSS/KiSS4 Nightly Tests/Binaries/Kiss.Infrastructure.Test.DLL" adapterTypeName="Microsoft.VisualStudio.TestTools.TestTypes.Unit.UnitTestAdapter, Microsoft.VisualStudio.QualityTools.Tips.UnitTest.Adapter, Version=10.0.0.0, Culture=neutral, PublicKeyToken=b03f5f7f11d50a3a" className="Kiss.Infrastructure.Test.MonthYearTest, Kiss.Infrastructure.Test, Version=1.0.0.0, Culture=neutral, PublicKeyToken=null" name="Test_Increment" />
        </UnitTest>
        <UnitTest name="Validate_NameIsEmpty_HasError" storage="e:\kiss-builds\2\kiss\kiss4 nightly tests\binaries\kiss.bl.test.dll" id="62f4c7f7-c916-7381-e674-e01e1bc0b2f5">
            <Execution id="a9a4cb04-23c3-400a-819d-7ef10b097e97" />
            <TestMethod codeBase="E:/KiSS-Builds/2/KiSS/KiSS4 Nightly Tests/Binaries/Kiss.BL.Test.DLL" adapterTypeName="Microsoft.VisualStudio.TestTools.TestTypes.Unit.UnitTestAdapter, Microsoft.VisualStudio.QualityTools.Tips.UnitTest.Adapter, Version=10.0.0.0, Culture=neutral, PublicKeyToken=b03f5f7f11d50a3a" className="Kiss.BL.Test.Fs.Validation.FsReduktionMitarbeiterValidatorTest, Kiss.BL.Test, Version=4.5.22.204, Culture=neutral, PublicKeyToken=null" name="Validate_NameIsEmpty_HasError" />
        </UnitTest>
        <UnitTest name="TryGetValue_ListOfIntValid_ValueFound" storage="e:\kiss-builds\2\kiss\kiss4 nightly tests\binaries\kiss.infrastructure.test.dll" id="1658fb11-50b8-c151-13dc-864f9ff21bed">
            <Execution id="5338a9d1-2d9c-42b2-8d60-ecc88c207680" />
            <TestMethod codeBase="E:/KiSS-Builds/2/KiSS/KiSS4 Nightly Tests/Binaries/Kiss.Infrastructure.Test.DLL" adapterTypeName="Microsoft.VisualStudio.TestTools.TestTypes.Unit.UnitTestAdapter, Microsoft.VisualStudio.QualityTools.Tips.UnitTest.Adapter, Version=10.0.0.0, Culture=neutral, PublicKeyToken=b03f5f7f11d50a3a" className="Kiss.Infrastructure.Test.ExtensionsTest, Kiss.Infrastructure.Test, Version=1.0.0.0, Culture=neutral, PublicKeyToken=null" name="TryGetValue_ListOfIntValid_ValueFound" />
        </UnitTest>
        <UnitTest name="TryGetValue_DateTimeNull_ValueNotFound" storage="e:\kiss-builds\2\kiss\kiss4 nightly tests\binaries\kiss.infrastructure.test.dll" id="4784fe70-2b06-ef61-fd27-07f8060294ae">
            <Execution id="0f988389-3de3-4aaf-a30b-74d71e243064" />
            <TestMethod codeBase="E:/KiSS-Builds/2/KiSS/KiSS4 Nightly Tests/Binaries/Kiss.Infrastructure.Test.DLL" adapterTypeName="Microsoft.VisualStudio.TestTools.TestTypes.Unit.UnitTestAdapter, Microsoft.VisualStudio.QualityTools.Tips.UnitTest.Adapter, Version=10.0.0.0, Culture=neutral, PublicKeyToken=b03f5f7f11d50a3a" className="Kiss.Infrastructure.Test.ExtensionsTest, Kiss.Infrastructure.Test, Version=1.0.0.0, Culture=neutral, PublicKeyToken=null" name="TryGetValue_DateTimeNull_ValueNotFound" />
        </UnitTest>
        <UnitTest name="Test_GetData_Datum" storage="e:\kiss-builds\2\kiss\kiss4 nightly tests\binaries\kiss.bl.test.dll" id="f8e4995b-0945-3e0a-b223-bccb3758b1f1">
            <Execution id="b74a8b39-6456-4e4a-87c7-186fd2353de3" />
            <TestMethod codeBase="E:/KiSS-Builds/2/KiSS/KiSS4 Nightly Tests/Binaries/Kiss.BL.Test.DLL" adapterTypeName="Microsoft.VisualStudio.TestTools.TestTypes.Unit.UnitTestAdapter, Microsoft.VisualStudio.QualityTools.Tips.UnitTest.Adapter, Version=10.0.0.0, Culture=neutral, PublicKeyToken=b03f5f7f11d50a3a" className="Kiss.BL.Test.Ba.BaPlzServiceTest, Kiss.BL.Test, Version=4.5.22.204, Culture=neutral, PublicKeyToken=null" name="Test_GetData_Datum" />
        </UnitTest>
        <UnitTest name="GetLovCodeByLovName_LovFilteredWithComma_ResultIsFiltered" storage="e:\kiss-builds\2\kiss\kiss4 nightly tests\binaries\kiss.bl.test.dll" id="054d52ce-7662-e679-f27e-f371bc7dc7c0">
            <Execution id="681e7966-00e2-473a-b438-726f18cafbfd" />
            <TestMethod codeBase="E:/KiSS-Builds/2/KiSS/KiSS4 Nightly Tests/Binaries/Kiss.BL.Test.DLL" adapterTypeName="Microsoft.VisualStudio.TestTools.TestTypes.Unit.UnitTestAdapter, Microsoft.VisualStudio.QualityTools.Tips.UnitTest.Adapter, Version=10.0.0.0, Culture=neutral, PublicKeyToken=b03f5f7f11d50a3a" className="Kiss.BL.Test.System.XLovServiceTest, Kiss.BL.Test, Version=4.5.22.204, Culture=neutral, PublicKeyToken=null" name="GetLovCodeByLovName_LovFilteredWithComma_ResultIsFiltered" />
        </UnitTest>
        <UnitTest name="T03_NichtAbgetreteneEinnahmen" storage="e:\kiss-builds\2\kiss\kiss4 nightly tests\binaries\kiss4.sozialhilfe.test.dll" id="23eb2fbb-0237-a001-bfb7-660ed8208fd1">
            <TestCategory>
                <TestCategoryItem TestCategory="LongRunning" />
            </TestCategory>
            <Execution id="b356034a-3b1f-4282-9233-99ef74a0a553" />
            <TestMethod codeBase="E:/KiSS-Builds/2/KiSS/KiSS4 Nightly Tests/Binaries/KiSS4.Sozialhilfe.Test.DLL" adapterTypeName="Microsoft.VisualStudio.TestTools.TestTypes.Unit.UnitTestAdapter, Microsoft.VisualStudio.QualityTools.Tips.UnitTest.Adapter, Version=10.0.0.0, Culture=neutral, PublicKeyToken=b03f5f7f11d50a3a" className="KiSS4.Sozialhilfe.Test.GruenstellenTest, KiSS4.Sozialhilfe.Test, Version=4.5.22.204, Culture=neutral, PublicKeyToken=null" name="T03_NichtAbgetreteneEinnahmen" />
        </UnitTest>
        <UnitTest name="Test_RuleGruppe" storage="e:\kiss-builds\2\kiss\kiss4 nightly tests\binaries\kiss.klibu.bl.test.dll" id="ea62c1f6-fcbc-f24d-8352-4ed30c0c8dbe">
            <Description>Test the rule for Gruppe</Description>
            <TestCategory>
                <TestCategoryItem TestCategory="Local" />
            </TestCategory>
            <Execution id="4ec084fe-f458-4c78-b46e-bd24a1426aeb" />
            <TestMethod codeBase="E:/KiSS-Builds/2/KiSS/KiSS4 Nightly Tests/Binaries/KiSS.KliBu.BL.Test.DLL" adapterTypeName="Microsoft.VisualStudio.TestTools.TestTypes.Unit.UnitTestAdapter, Microsoft.VisualStudio.QualityTools.Tips.UnitTest.Adapter, Version=10.0.0.0, Culture=neutral, PublicKeyToken=b03f5f7f11d50a3a" className="KiSS.KliBu.BL.Test.UnitTest.BankValidatorTest, KiSS.KliBu.BL.Test, Version=4.5.22.204, Culture=neutral, PublicKeyToken=null" name="Test_RuleGruppe" />
        </UnitTest>
        <UnitTest name="SaveData_validPerson_returnOk" storage="e:\kiss-builds\2\kiss\kiss4 nightly tests\binaries\kiss.bl.test.dll" id="fce2a239-c078-a7b5-513c-1d670159b328">
            <Execution id="d75d70ca-3ef7-4ff3-84e2-a525ea902e46" />
            <TestMethod codeBase="E:/KiSS-Builds/2/KiSS/KiSS4 Nightly Tests/Binaries/Kiss.BL.Test.DLL" adapterTypeName="Microsoft.VisualStudio.TestTools.TestTypes.Unit.UnitTestAdapter, Microsoft.VisualStudio.QualityTools.Tips.UnitTest.Adapter, Version=10.0.0.0, Culture=neutral, PublicKeyToken=b03f5f7f11d50a3a" className="Kiss.BL.Test.Ba.BaPersonServiceTest, Kiss.BL.Test, Version=4.5.22.204, Culture=neutral, PublicKeyToken=null" name="SaveData_validPerson_returnOk" />
        </UnitTest>
        <UnitTest name="UsableUsingTypeString" storage="e:\kiss-builds\2\kiss\kiss4 nightly tests\binaries\kiss.infrastructure.test.dll" id="823e4246-1240-3608-9118-e1f8c34ce8ea">
            <Execution id="f72090f7-a2ff-4c0e-a61d-b543ef0eb0d1" />
            <TestMethod codeBase="E:/KiSS-Builds/2/KiSS/KiSS4 Nightly Tests/Binaries/Kiss.Infrastructure.Test.DLL" adapterTypeName="Microsoft.VisualStudio.TestTools.TestTypes.Unit.UnitTestAdapter, Microsoft.VisualStudio.QualityTools.Tips.UnitTest.Adapter, Version=10.0.0.0, Culture=neutral, PublicKeyToken=b03f5f7f11d50a3a" className="Kiss.Infrastructure.Test.IoC.UsableByAttributeTest, Kiss.Infrastructure.Test, Version=1.0.0.0, Culture=neutral, PublicKeyToken=null" name="UsableUsingTypeString" />
        </UnitTest>
        <UnitTest name="Test_Equals" storage="e:\kiss-builds\2\kiss\kiss4 nightly tests\binaries\kiss.infrastructure.test.dll" id="ec568631-d9bb-a368-61c0-4ec9fab82d7f">
            <Execution id="05bffb1b-04bf-4c13-bd90-0055fdd910d2" />
            <TestMethod codeBase="E:/KiSS-Builds/2/KiSS/KiSS4 Nightly Tests/Binaries/Kiss.Infrastructure.Test.DLL" adapterTypeName="Microsoft.VisualStudio.TestTools.TestTypes.Unit.UnitTestAdapter, Microsoft.VisualStudio.QualityTools.Tips.UnitTest.Adapter, Version=10.0.0.0, Culture=neutral, PublicKeyToken=b03f5f7f11d50a3a" className="Kiss.Infrastructure.Test.MonthYearTest, Kiss.Infrastructure.Test, Version=1.0.0.0, Culture=neutral, PublicKeyToken=null" name="Test_Equals" />
        </UnitTest>
        <UnitTest name="Test_DeleteObjectSet" storage="e:\kiss-builds\2\kiss\kiss4 nightly tests\binaries\kiss.bl.test.dll" id="d9a90e3b-7bcd-8b28-93b5-b81682e5191c">
            <Execution id="29459cfe-afe8-459b-a8ce-8183b80d64b0" />
            <TestMethod codeBase="E:/KiSS-Builds/2/KiSS/KiSS4 Nightly Tests/Binaries/Kiss.BL.Test.DLL" adapterTypeName="Microsoft.VisualStudio.TestTools.TestTypes.Unit.UnitTestAdapter, Microsoft.VisualStudio.QualityTools.Tips.UnitTest.Adapter, Version=10.0.0.0, Culture=neutral, PublicKeyToken=b03f5f7f11d50a3a" className="Kiss.BL.Test.Common.SelfTrackingEntitiesCascadingTest, Kiss.BL.Test, Version=4.5.22.204, Culture=neutral, PublicKeyToken=null" name="Test_DeleteObjectSet" />
        </UnitTest>
        <UnitTest name="GetConfigValueDateTimeTest" storage="e:\kiss-builds\2\kiss\kiss4 nightly tests\binaries\kiss.bl.test.dll" id="9f8f3a0f-4f38-e82d-8d72-c0700cc01252">
            <Execution id="156ac1dd-5229-44dd-ba65-c3956f119d91" />
            <TestMethod codeBase="E:/KiSS-Builds/2/KiSS/KiSS4 Nightly Tests/Binaries/Kiss.BL.Test.DLL" adapterTypeName="Microsoft.VisualStudio.TestTools.TestTypes.Unit.UnitTestAdapter, Microsoft.VisualStudio.QualityTools.Tips.UnitTest.Adapter, Version=10.0.0.0, Culture=neutral, PublicKeyToken=b03f5f7f11d50a3a" className="Kiss.BL.Test.System.XConfigServiceTest, Kiss.BL.Test, Version=4.5.22.204, Culture=neutral, PublicKeyToken=null" name="GetConfigValueDateTimeTest" />
        </UnitTest>
        <UnitTest name="GetAlter_Geburtsdatum_Berechnung_Vor_Geburtstag_Im_Jahr" storage="e:\kiss-builds\2\kiss\kiss4 nightly tests\binaries\kiss.model.test.dll" id="cd083bb8-76c1-ee8e-1f45-20819147eaec">
            <Execution id="b37784d2-22a5-4352-93e2-426b1dc55c4e" />
            <TestMethod codeBase="E:/KiSS-Builds/2/KiSS/KiSS4 Nightly Tests/Binaries/Kiss.Model.Test.DLL" adapterTypeName="Microsoft.VisualStudio.TestTools.TestTypes.Unit.UnitTestAdapter, Microsoft.VisualStudio.QualityTools.Tips.UnitTest.Adapter, Version=10.0.0.0, Culture=neutral, PublicKeyToken=b03f5f7f11d50a3a" className="Kiss.Model.Test.PartialTest.BaPersonPartialTest, Kiss.Model.Test, Version=4.5.22.204, Culture=neutral, PublicKeyToken=null" name="GetAlter_Geburtsdatum_Berechnung_Vor_Geburtstag_Im_Jahr" />
        </UnitTest>
        <UnitTest name="Test_GetData" storage="e:\kiss-builds\2\kiss\kiss4 nightly tests\binaries\kiss.bl.test.dll" id="b8758357-8487-f956-e44f-316f00451c2c">
            <Execution id="f46e8db0-6d4f-43d3-9f5f-98c16cc76e57" />
            <TestMethod codeBase="E:/KiSS-Builds/2/KiSS/KiSS4 Nightly Tests/Binaries/Kiss.BL.Test.DLL" adapterTypeName="Microsoft.VisualStudio.TestTools.TestTypes.Unit.UnitTestAdapter, Microsoft.VisualStudio.QualityTools.Tips.UnitTest.Adapter, Version=10.0.0.0, Culture=neutral, PublicKeyToken=b03f5f7f11d50a3a" className="Kiss.BL.Test.Bde.BdeLeistungsartServiceTest, Kiss.BL.Test, Version=4.5.22.204, Culture=neutral, PublicKeyToken=null" name="Test_GetData" />
        </UnitTest>
        <UnitTest name="Test_ErrorWhenBaPersonIDAndBaInstitutionIDAreSet" storage="e:\kiss-builds\2\kiss\kiss4 nightly tests\binaries\kiss.bl.test.dll" id="7b38958a-c33b-cbf3-3386-3091cad0afb4">
            <Execution id="a196abc1-1658-4cf3-8e16-de9e26e3aa85" />
            <TestMethod codeBase="E:/KiSS-Builds/2/KiSS/KiSS4 Nightly Tests/Binaries/Kiss.BL.Test.DLL" adapterTypeName="Microsoft.VisualStudio.TestTools.TestTypes.Unit.UnitTestAdapter, Microsoft.VisualStudio.QualityTools.Tips.UnitTest.Adapter, Version=10.0.0.0, Culture=neutral, PublicKeyToken=b03f5f7f11d50a3a" className="Kiss.BL.Test.Ba.Validation.BaAdresseValidatorTest, Kiss.BL.Test, Version=4.5.22.204, Culture=neutral, PublicKeyToken=null" name="Test_ErrorWhenBaPersonIDAndBaInstitutionIDAreSet" />
        </UnitTest>
        <UnitTest name="Test_CurrentMonth" storage="e:\kiss-builds\2\kiss\kiss4 nightly tests\binaries\kiss.infrastructure.test.dll" id="e2f1aea9-edbd-1f04-fc29-8b55fab441fa">
            <Execution id="d7fb9c15-bfa1-41f6-81fd-969a80507d47" />
            <TestMethod codeBase="E:/KiSS-Builds/2/KiSS/KiSS4 Nightly Tests/Binaries/Kiss.Infrastructure.Test.DLL" adapterTypeName="Microsoft.VisualStudio.TestTools.TestTypes.Unit.UnitTestAdapter, Microsoft.VisualStudio.QualityTools.Tips.UnitTest.Adapter, Version=10.0.0.0, Culture=neutral, PublicKeyToken=b03f5f7f11d50a3a" className="Kiss.Infrastructure.Test.MonthYearTest, Kiss.Infrastructure.Test, Version=1.0.0.0, Culture=neutral, PublicKeyToken=null" name="Test_CurrentMonth" />
        </UnitTest>
        <UnitTest name="Test_InvalidMonth" storage="e:\kiss-builds\2\kiss\kiss4 nightly tests\binaries\kiss.infrastructure.test.dll" id="2695fc1b-9f72-2581-e363-b4a0c021be59">
            <Execution id="485148b8-7d48-4462-a43a-de49d091e879" />
            <TestMethod codeBase="E:/KiSS-Builds/2/KiSS/KiSS4 Nightly Tests/Binaries/Kiss.Infrastructure.Test.DLL" adapterTypeName="Microsoft.VisualStudio.TestTools.TestTypes.Unit.UnitTestAdapter, Microsoft.VisualStudio.QualityTools.Tips.UnitTest.Adapter, Version=10.0.0.0, Culture=neutral, PublicKeyToken=b03f5f7f11d50a3a" className="Kiss.Infrastructure.Test.MonthYearTest, Kiss.Infrastructure.Test, Version=1.0.0.0, Culture=neutral, PublicKeyToken=null" name="Test_InvalidMonth" />
        </UnitTest>
        <UnitTest name="NewData_createNewPerson_returnOk" storage="e:\kiss-builds\2\kiss\kiss4 nightly tests\binaries\kiss.bl.test.dll" id="a5e9df99-d8d1-fc9a-7b70-22c01ba65e14">
            <Execution id="7e631f04-89aa-4a5d-9470-d1e326d0b09f" />
            <TestMethod codeBase="E:/KiSS-Builds/2/KiSS/KiSS4 Nightly Tests/Binaries/Kiss.BL.Test.DLL" adapterTypeName="Microsoft.VisualStudio.TestTools.TestTypes.Unit.UnitTestAdapter, Microsoft.VisualStudio.QualityTools.Tips.UnitTest.Adapter, Version=10.0.0.0, Culture=neutral, PublicKeyToken=b03f5f7f11d50a3a" className="Kiss.BL.Test.Ba.BaPersonServiceTest, Kiss.BL.Test, Version=4.5.22.204, Culture=neutral, PublicKeyToken=null" name="NewData_createNewPerson_returnOk" />
        </UnitTest>
        <UnitTest name="InstanceScopeDefault" storage="e:\kiss-builds\2\kiss\kiss4 nightly tests\binaries\kiss.infrastructure.test.dll" id="46f37710-a920-f66b-a3f3-c6ac79c370a3">
            <Execution id="be6f2d93-8180-4503-ab49-b0a503c08ec2" />
            <TestMethod codeBase="E:/KiSS-Builds/2/KiSS/KiSS4 Nightly Tests/Binaries/Kiss.Infrastructure.Test.DLL" adapterTypeName="Microsoft.VisualStudio.TestTools.TestTypes.Unit.UnitTestAdapter, Microsoft.VisualStudio.QualityTools.Tips.UnitTest.Adapter, Version=10.0.0.0, Culture=neutral, PublicKeyToken=b03f5f7f11d50a3a" className="Kiss.Infrastructure.Test.IoC.ContainerTest, Kiss.Infrastructure.Test, Version=1.0.0.0, Culture=neutral, PublicKeyToken=null" name="InstanceScopeDefault" />
        </UnitTest>
        <UnitTest name="SaveData_GetNewDataWithEmptyName_ResultIsError" storage="e:\kiss-builds\2\kiss\kiss4 nightly tests\binaries\kiss.bl.test.dll" id="57d343cd-5eb1-6a4b-45cf-a335d13d3ad4">
            <Execution id="9b4c5462-bd8f-473a-b6b9-342d6c3e74b4" />
            <TestMethod codeBase="E:/KiSS-Builds/2/KiSS/KiSS4 Nightly Tests/Binaries/Kiss.BL.Test.DLL" adapterTypeName="Microsoft.VisualStudio.TestTools.TestTypes.Unit.UnitTestAdapter, Microsoft.VisualStudio.QualityTools.Tips.UnitTest.Adapter, Version=10.0.0.0, Culture=neutral, PublicKeyToken=b03f5f7f11d50a3a" className="Kiss.BL.Test.Fs.FsDienstleistungspaketServiceTest, Kiss.BL.Test, Version=4.5.22.204, Culture=neutral, PublicKeyToken=null" name="SaveData_GetNewDataWithEmptyName_ResultIsError" />
        </UnitTest>
        <UnitTest name="Validate_StandardAufwandIsInRange_IsValid" storage="e:\kiss-builds\2\kiss\kiss4 nightly tests\binaries\kiss.bl.test.dll" id="1dbd89f5-20fc-d67d-d64d-99bb3b817cab">
            <Execution id="9affab9e-7b07-4855-bb69-54a65d2ad1ca" />
            <TestMethod codeBase="E:/KiSS-Builds/2/KiSS/KiSS4 Nightly Tests/Binaries/Kiss.BL.Test.DLL" adapterTypeName="Microsoft.VisualStudio.TestTools.TestTypes.Unit.UnitTestAdapter, Microsoft.VisualStudio.QualityTools.Tips.UnitTest.Adapter, Version=10.0.0.0, Culture=neutral, PublicKeyToken=b03f5f7f11d50a3a" className="Kiss.BL.Test.Fs.Validation.FsReduktionValidatorTest, Kiss.BL.Test, Version=4.5.22.204, Culture=neutral, PublicKeyToken=null" name="Validate_StandardAufwandIsInRange_IsValid" />
        </UnitTest>
        <UnitTest name="DeleteData_BudgetWithPosition_IsOk" storage="e:\kiss-builds\2\kiss\kiss4 nightly tests\binaries\kiss.bl.test.dll" id="ad6a5c08-3e58-043c-fe4e-0b26c7021f1d">
            <Execution id="1c7f8c0c-5cbb-4ce8-83ba-2141b1ce4837" />
            <TestMethod codeBase="E:/KiSS-Builds/2/KiSS/KiSS4 Nightly Tests/Binaries/Kiss.BL.Test.DLL" adapterTypeName="Microsoft.VisualStudio.TestTools.TestTypes.Unit.UnitTestAdapter, Microsoft.VisualStudio.QualityTools.Tips.UnitTest.Adapter, Version=10.0.0.0, Culture=neutral, PublicKeyToken=b03f5f7f11d50a3a" className="Kiss.BL.Test.Vm.VmKlientenbudgetServiceTest, Kiss.BL.Test, Version=4.5.22.204, Culture=neutral, PublicKeyToken=null" name="DeleteData_BudgetWithPosition_IsOk" />
        </UnitTest>
        <UnitTest name="Test_OkWhenNameNotEmpty" storage="e:\kiss-builds\2\kiss\kiss4 nightly tests\binaries\kiss.klibu.bl.test.dll" id="48c09c38-70cd-3ea4-61ac-7aa921f8cd38">
            <Description>Should not have a validation error when the name is not empty</Description>
            <TestCategory>
                <TestCategoryItem TestCategory="Local" />
            </TestCategory>
            <Execution id="6054d4f9-84cc-4f89-8863-2360368ff97f" />
            <TestMethod codeBase="E:/KiSS-Builds/2/KiSS/KiSS4 Nightly Tests/Binaries/KiSS.KliBu.BL.Test.DLL" adapterTypeName="Microsoft.VisualStudio.TestTools.TestTypes.Unit.UnitTestAdapter, Microsoft.VisualStudio.QualityTools.Tips.UnitTest.Adapter, Version=10.0.0.0, Culture=neutral, PublicKeyToken=b03f5f7f11d50a3a" className="KiSS.KliBu.BL.Test.UnitTest.BankValidatorTest, KiSS.KliBu.BL.Test, Version=4.5.22.204, Culture=neutral, PublicKeyToken=null" name="Test_OkWhenNameNotEmpty" />
        </UnitTest>
        <UnitTest name="Test_LowerThan" storage="e:\kiss-builds\2\kiss\kiss4 nightly tests\binaries\kiss.infrastructure.test.dll" id="08e4a310-6ae5-98bb-e923-0e8b0a77a3c5">
            <Execution id="7c2d3942-61c2-4229-8dee-12ddf3a5a44a" />
            <TestMethod codeBase="E:/KiSS-Builds/2/KiSS/KiSS4 Nightly Tests/Binaries/Kiss.Infrastructure.Test.DLL" adapterTypeName="Microsoft.VisualStudio.TestTools.TestTypes.Unit.UnitTestAdapter, Microsoft.VisualStudio.QualityTools.Tips.UnitTest.Adapter, Version=10.0.0.0, Culture=neutral, PublicKeyToken=b03f5f7f11d50a3a" className="Kiss.Infrastructure.Test.MonthYearTest, Kiss.Infrastructure.Test, Version=1.0.0.0, Culture=neutral, PublicKeyToken=null" name="Test_LowerThan" />
        </UnitTest>
        <UnitTest name="Test_KeineLaufzeit" storage="e:\kiss-builds\2\kiss\kiss4 nightly tests\binaries\kiss.bl.test.dll" id="4960ddc2-7dcd-290c-dac8-5026f8e0d54f">
            <Execution id="889ba813-8af7-41fb-9d7d-54de988f1f75" />
            <TestMethod codeBase="E:/KiSS-Builds/2/KiSS/KiSS4 Nightly Tests/Binaries/Kiss.BL.Test.DLL" adapterTypeName="Microsoft.VisualStudio.TestTools.TestTypes.Unit.UnitTestAdapter, Microsoft.VisualStudio.QualityTools.Tips.UnitTest.Adapter, Version=10.0.0.0, Culture=neutral, PublicKeyToken=b03f5f7f11d50a3a" className="Kiss.BL.Test.Fs.FsDienstleistungAuswertungServiceTest, Kiss.BL.Test, Version=4.5.22.204, Culture=neutral, PublicKeyToken=null" name="Test_KeineLaufzeit" />
        </UnitTest>
        <UnitTest name="Test_ParseTwoRecordFirstIncorrectAndTooShort" storage="e:\kiss-builds\2\kiss\kiss4 nightly tests\binaries\kiss.klibu.bl.test.dll" id="25015ca8-1942-7e2f-9c24-661d7bf9cd4e">
            <Description>Parse 2 bank records where the first one isn't correct, only the second bank is in the list</Description>
            <TestCategory>
                <TestCategoryItem TestCategory="Local" />
            </TestCategory>
            <Execution id="e099799b-48e3-46b4-b140-f4784b515aae" />
            <TestMethod codeBase="E:/KiSS-Builds/2/KiSS/KiSS4 Nightly Tests/Binaries/KiSS.KliBu.BL.Test.DLL" adapterTypeName="Microsoft.VisualStudio.TestTools.TestTypes.Unit.UnitTestAdapter, Microsoft.VisualStudio.QualityTools.Tips.UnitTest.Adapter, Version=10.0.0.0, Culture=neutral, PublicKeyToken=b03f5f7f11d50a3a" className="KiSS.KliBu.BL.Test.UnitTest.BankParserTest, KiSS.KliBu.BL.Test, Version=4.5.22.204, Culture=neutral, PublicKeyToken=null" name="Test_ParseTwoRecordFirstIncorrectAndTooShort" />
        </UnitTest>
        <UnitTest name="Test_ParseRecordTooLong" storage="e:\kiss-builds\2\kiss\kiss4 nightly tests\binaries\kiss.klibu.bl.test.dll" id="a5e834e3-6a47-4c0c-6c85-7e0fb36d96da">
            <Description>Parse a too long bank record</Description>
            <TestCategory>
                <TestCategoryItem TestCategory="Local" />
            </TestCategory>
            <Execution id="eaab3cfe-ba8d-45b0-bf28-d23d79df6164" />
            <TestMethod codeBase="E:/KiSS-Builds/2/KiSS/KiSS4 Nightly Tests/Binaries/KiSS.KliBu.BL.Test.DLL" adapterTypeName="Microsoft.VisualStudio.TestTools.TestTypes.Unit.UnitTestAdapter, Microsoft.VisualStudio.QualityTools.Tips.UnitTest.Adapter, Version=10.0.0.0, Culture=neutral, PublicKeyToken=b03f5f7f11d50a3a" className="KiSS.KliBu.BL.Test.UnitTest.BankParserTest, KiSS.KliBu.BL.Test, Version=4.5.22.204, Culture=neutral, PublicKeyToken=null" name="Test_ParseRecordTooLong" />
        </UnitTest>
        <UnitTest name="Test_ValidateBankOk" storage="e:\kiss-builds\2\kiss\kiss4 nightly tests\binaries\kiss.klibu.bl.test.dll" id="94d956e8-5687-4511-0bc4-b322550bd16d">
            <Description>Validate a valid Bank</Description>
            <TestCategory>
                <TestCategoryItem TestCategory="Local" />
            </TestCategory>
            <Execution id="2c0e3501-8c12-4f85-b9d8-5dc9b8434934" />
            <TestMethod codeBase="E:/KiSS-Builds/2/KiSS/KiSS4 Nightly Tests/Binaries/KiSS.KliBu.BL.Test.DLL" adapterTypeName="Microsoft.VisualStudio.TestTools.TestTypes.Unit.UnitTestAdapter, Microsoft.VisualStudio.QualityTools.Tips.UnitTest.Adapter, Version=10.0.0.0, Culture=neutral, PublicKeyToken=b03f5f7f11d50a3a" className="KiSS.KliBu.BL.Test.UnitTest.BankValidatorTest, KiSS.KliBu.BL.Test, Version=4.5.22.204, Culture=neutral, PublicKeyToken=null" name="Test_ValidateBankOk" />
        </UnitTest>
        <UnitTest name="Test_CascadingUpdateDlAndDlp" storage="e:\kiss-builds\2\kiss\kiss4 nightly tests\binaries\kiss.bl.test.dll" id="10049e04-a198-43c5-ec23-d6c027a81ac5">
            <Execution id="e058b4d3-1801-4113-ac53-f2b357d63617" />
            <TestMethod codeBase="E:/KiSS-Builds/2/KiSS/KiSS4 Nightly Tests/Binaries/Kiss.BL.Test.DLL" adapterTypeName="Microsoft.VisualStudio.TestTools.TestTypes.Unit.UnitTestAdapter, Microsoft.VisualStudio.QualityTools.Tips.UnitTest.Adapter, Version=10.0.0.0, Culture=neutral, PublicKeyToken=b03f5f7f11d50a3a" className="Kiss.BL.Test.Common.SelfTrackingEntitiesCascadingTest, Kiss.BL.Test, Version=4.5.22.204, Culture=neutral, PublicKeyToken=null" name="Test_CascadingUpdateDlAndDlp" />
        </UnitTest>
        <UnitTest name="Test_TwoBankWithSameIDInRepository" storage="e:\kiss-builds\2\kiss\kiss4 nightly tests\binaries\kiss.klibu.bl.test.dll" id="8db491d3-ecf4-9a34-4f89-849a3463b494">
            <Description>Two BaBank with the same ClearingNr and FilialeNr in the Repository</Description>
            <TestCategory>
                <TestCategoryItem TestCategory="LongRunning" />
            </TestCategory>
            <Execution id="aa59061c-7bd5-4565-9274-3b6d7dfebd22" />
            <TestMethod codeBase="E:/KiSS-Builds/2/KiSS/KiSS4 Nightly Tests/Binaries/KiSS.KliBu.BL.Test.DLL" adapterTypeName="Microsoft.VisualStudio.TestTools.TestTypes.Unit.UnitTestAdapter, Microsoft.VisualStudio.QualityTools.Tips.UnitTest.Adapter, Version=10.0.0.0, Culture=neutral, PublicKeyToken=b03f5f7f11d50a3a" className="KiSS.KliBu.BL.Test.UnitTest.BankabgleichMocked, KiSS.KliBu.BL.Test, Version=4.5.22.204, Culture=neutral, PublicKeyToken=null" name="Test_TwoBankWithSameIDInRepository" />
        </UnitTest>
        <UnitTest name="CreateEntires_ThisMonthForAllUsers" storage="e:\kiss-builds\2\kiss\kiss4 nightly tests\binaries\kiss.bl.test.dll" id="8ed2abb7-a6be-8330-b4c4-cc06338b326f">
            <Execution id="d71cf7de-7542-47e1-907e-fea5d9320636" />
            <TestMethod codeBase="E:/KiSS-Builds/2/KiSS/KiSS4 Nightly Tests/Binaries/Kiss.BL.Test.DLL" adapterTypeName="Microsoft.VisualStudio.TestTools.TestTypes.Unit.UnitTestAdapter, Microsoft.VisualStudio.QualityTools.Tips.UnitTest.Adapter, Version=10.0.0.0, Culture=neutral, PublicKeyToken=b03f5f7f11d50a3a" className="Kiss.BL.Test.Fs.FsReduktionMitarbeiterServiceTest, Kiss.BL.Test, Version=4.5.22.204, Culture=neutral, PublicKeyToken=null" name="CreateEntires_ThisMonthForAllUsers" />
        </UnitTest>
        <UnitTest name="Test_ErrorWhenSterbedatumBeforeGeburtsdatum" storage="e:\kiss-builds\2\kiss\kiss4 nightly tests\binaries\kiss.bl.test.dll" id="ef92ec3a-6dde-459b-9dde-74fa38be3b42">
            <Execution id="1d8415b4-2318-48e8-8d5f-832c9eed9561" />
            <TestMethod codeBase="E:/KiSS-Builds/2/KiSS/KiSS4 Nightly Tests/Binaries/Kiss.BL.Test.DLL" adapterTypeName="Microsoft.VisualStudio.TestTools.TestTypes.Unit.UnitTestAdapter, Microsoft.VisualStudio.QualityTools.Tips.UnitTest.Adapter, Version=10.0.0.0, Culture=neutral, PublicKeyToken=b03f5f7f11d50a3a" className="Kiss.BL.Test.Ba.Validation.BaPersonValidatorTest, Kiss.BL.Test, Version=4.5.22.204, Culture=neutral, PublicKeyToken=null" name="Test_ErrorWhenSterbedatumBeforeGeburtsdatum" />
        </UnitTest>
        <UnitTest name="T05_Verrechnung" storage="e:\kiss-builds\2\kiss\kiss4 nightly tests\binaries\kiss4.sozialhilfe.test.dll" id="476a1207-a2f2-5701-9405-419a32bd4b48">
            <TestCategory>
                <TestCategoryItem TestCategory="LongRunning" />
            </TestCategory>
            <Execution id="105a112a-5cc2-4f0d-a16d-33c26b33a5a4" />
            <TestMethod codeBase="E:/KiSS-Builds/2/KiSS/KiSS4 Nightly Tests/Binaries/KiSS4.Sozialhilfe.Test.DLL" adapterTypeName="Microsoft.VisualStudio.TestTools.TestTypes.Unit.UnitTestAdapter, Microsoft.VisualStudio.QualityTools.Tips.UnitTest.Adapter, Version=10.0.0.0, Culture=neutral, PublicKeyToken=b03f5f7f11d50a3a" className="KiSS4.Sozialhilfe.Test.GruenstellenTest, KiSS4.Sozialhilfe.Test, Version=4.5.22.204, Culture=neutral, PublicKeyToken=null" name="T05_Verrechnung" />
        </UnitTest>
        <UnitTest name="TryGetValue_TimestampNull_ValueFound" storage="e:\kiss-builds\2\kiss\kiss4 nightly tests\binaries\kiss.infrastructure.test.dll" id="044f1fa7-2da1-06f3-8e36-a085ceef9d17">
            <Execution id="315834b5-99e9-4430-9bb5-c3a18a2530f4" />
            <TestMethod codeBase="E:/KiSS-Builds/2/KiSS/KiSS4 Nightly Tests/Binaries/Kiss.Infrastructure.Test.DLL" adapterTypeName="Microsoft.VisualStudio.TestTools.TestTypes.Unit.UnitTestAdapter, Microsoft.VisualStudio.QualityTools.Tips.UnitTest.Adapter, Version=10.0.0.0, Culture=neutral, PublicKeyToken=b03f5f7f11d50a3a" className="Kiss.Infrastructure.Test.ExtensionsTest, Kiss.Infrastructure.Test, Version=1.0.0.0, Culture=neutral, PublicKeyToken=null" name="TryGetValue_TimestampNull_ValueFound" />
        </UnitTest>
        <UnitTest name="Test_Length836_Referenzzeile" storage="e:\kiss-builds\2\kiss\kiss4 nightly tests\binaries\kiss4.schnittstellen.test.dll" id="5bbc164c-0a70-32b7-227b-9aac8695beba">
            <Execution id="cd0a78b2-d5c5-4e4c-8c4a-5fdb6d1a0fa8" />
            <TestMethod codeBase="E:/KiSS-Builds/2/KiSS/KiSS4 Nightly Tests/Binaries/KiSS4.Schnittstellen.Test.DLL" adapterTypeName="Microsoft.VisualStudio.TestTools.TestTypes.Unit.UnitTestAdapter, Microsoft.VisualStudio.QualityTools.Tips.UnitTest.Adapter, Version=10.0.0.0, Culture=neutral, PublicKeyToken=b03f5f7f11d50a3a" className="KiSS4.Schnittstellen.Test.DtaRecordTests, KiSS4.Schnittstellen.Test, Version=4.5.22.204, Culture=neutral, PublicKeyToken=null" name="Test_Length836_Referenzzeile" />
        </UnitTest>
        <UnitTest name="Test_Verguetungsbetrag836" storage="e:\kiss-builds\2\kiss\kiss4 nightly tests\binaries\kiss4.schnittstellen.test.dll" id="95936405-755a-2f41-1c07-c3b2f1837b75">
            <Execution id="eb29a916-1581-4a92-b8e6-3c07c95a797b" />
            <TestMethod codeBase="E:/KiSS-Builds/2/KiSS/KiSS4 Nightly Tests/Binaries/KiSS4.Schnittstellen.Test.DLL" adapterTypeName="Microsoft.VisualStudio.TestTools.TestTypes.Unit.UnitTestAdapter, Microsoft.VisualStudio.QualityTools.Tips.UnitTest.Adapter, Version=10.0.0.0, Culture=neutral, PublicKeyToken=b03f5f7f11d50a3a" className="KiSS4.Schnittstellen.Test.DtaRecordTests, KiSS4.Schnittstellen.Test, Version=4.5.22.204, Culture=neutral, PublicKeyToken=null" name="Test_Verguetungsbetrag836" />
        </UnitTest>
        <UnitTest name="Test_OkWhenZivilstandCodeInRange" storage="e:\kiss-builds\2\kiss\kiss4 nightly tests\binaries\kiss.bl.test.dll" id="1b330d1a-ef9a-aff4-caf8-00b2bbc1e2cc">
            <Execution id="1547fdeb-bf1b-4c53-9d17-9c51b0f3c964" />
            <TestMethod codeBase="E:/KiSS-Builds/2/KiSS/KiSS4 Nightly Tests/Binaries/Kiss.BL.Test.DLL" adapterTypeName="Microsoft.VisualStudio.TestTools.TestTypes.Unit.UnitTestAdapter, Microsoft.VisualStudio.QualityTools.Tips.UnitTest.Adapter, Version=10.0.0.0, Culture=neutral, PublicKeyToken=b03f5f7f11d50a3a" className="Kiss.BL.Test.Ba.Validation.BaPersonValidatorTest, Kiss.BL.Test, Version=4.5.22.204, Culture=neutral, PublicKeyToken=null" name="Test_OkWhenZivilstandCodeInRange" />
        </UnitTest>
        <UnitTest name="TryGetValue_TimestampValid_ValueFound" storage="e:\kiss-builds\2\kiss\kiss4 nightly tests\binaries\kiss.infrastructure.test.dll" id="dcc8d0e2-f154-8ddb-092d-8beb0e8671e5">
            <Execution id="3ed5c4b0-73d1-4727-a1c2-e770581860ca" />
            <TestMethod codeBase="E:/KiSS-Builds/2/KiSS/KiSS4 Nightly Tests/Binaries/Kiss.Infrastructure.Test.DLL" adapterTypeName="Microsoft.VisualStudio.TestTools.TestTypes.Unit.UnitTestAdapter, Microsoft.VisualStudio.QualityTools.Tips.UnitTest.Adapter, Version=10.0.0.0, Culture=neutral, PublicKeyToken=b03f5f7f11d50a3a" className="Kiss.Infrastructure.Test.ExtensionsTest, Kiss.Infrastructure.Test, Version=1.0.0.0, Culture=neutral, PublicKeyToken=null" name="TryGetValue_TimestampValid_ValueFound" />
        </UnitTest>
        <UnitTest name="Test_RuleGueltigAb" storage="e:\kiss-builds\2\kiss\kiss4 nightly tests\binaries\kiss.klibu.bl.test.dll" id="3a77ed93-09eb-bff6-df5c-96d5af51a483">
            <Description>Test the rule for GueltigAb</Description>
            <TestCategory>
                <TestCategoryItem TestCategory="Local" />
            </TestCategory>
            <Execution id="84356d17-a263-4763-bc0d-9bdc8039e73c" />
            <TestMethod codeBase="E:/KiSS-Builds/2/KiSS/KiSS4 Nightly Tests/Binaries/KiSS.KliBu.BL.Test.DLL" adapterTypeName="Microsoft.VisualStudio.TestTools.TestTypes.Unit.UnitTestAdapter, Microsoft.VisualStudio.QualityTools.Tips.UnitTest.Adapter, Version=10.0.0.0, Culture=neutral, PublicKeyToken=b03f5f7f11d50a3a" className="KiSS.KliBu.BL.Test.UnitTest.BankValidatorTest, KiSS.KliBu.BL.Test, Version=4.5.22.204, Culture=neutral, PublicKeyToken=null" name="Test_RuleGueltigAb" />
        </UnitTest>
        <UnitTest name="SaveChangesError" storage="e:\kiss-builds\2\kiss\kiss4 nightly tests\binaries\kiss.bl.test.dll" id="ef79a2c1-1487-48bd-45f0-f4f9f5abb9f1">
            <Execution id="f49b2325-9d49-423b-a480-33160594ba87" />
            <TestMethod codeBase="E:/KiSS-Builds/2/KiSS/KiSS4 Nightly Tests/Binaries/Kiss.BL.Test.DLL" adapterTypeName="Microsoft.VisualStudio.TestTools.TestTypes.Unit.UnitTestAdapter, Microsoft.VisualStudio.QualityTools.Tips.UnitTest.Adapter, Version=10.0.0.0, Culture=neutral, PublicKeyToken=b03f5f7f11d50a3a" className="Kiss.BL.Test.TransactionTest, Kiss.BL.Test, Version=4.5.22.204, Culture=neutral, PublicKeyToken=null" name="SaveChangesError" />
        </UnitTest>
        <UnitTest name="RegisterAndResolveTypeWithParameter" storage="e:\kiss-builds\2\kiss\kiss4 nightly tests\binaries\kiss.infrastructure.test.dll" id="524ccb4d-4a6e-d8b1-0e61-fb5d56b89384">
            <Execution id="89a3cc75-82bd-41c3-b77c-b2a240ce965f" />
            <TestMethod codeBase="E:/KiSS-Builds/2/KiSS/KiSS4 Nightly Tests/Binaries/Kiss.Infrastructure.Test.DLL" adapterTypeName="Microsoft.VisualStudio.TestTools.TestTypes.Unit.UnitTestAdapter, Microsoft.VisualStudio.QualityTools.Tips.UnitTest.Adapter, Version=10.0.0.0, Culture=neutral, PublicKeyToken=b03f5f7f11d50a3a" className="Kiss.Infrastructure.Test.IoC.ContainerTest, Kiss.Infrastructure.Test, Version=1.0.0.0, Culture=neutral, PublicKeyToken=null" name="RegisterAndResolveTypeWithParameter" />
        </UnitTest>
        <UnitTest name="Usable" storage="e:\kiss-builds\2\kiss\kiss4 nightly tests\binaries\kiss.infrastructure.test.dll" id="ec7198f3-312e-290e-b3d2-59e0efc30d61">
            <Execution id="0055f19e-5203-49e2-acc3-2dd5b9124897" />
            <TestMethod codeBase="E:/KiSS-Builds/2/KiSS/KiSS4 Nightly Tests/Binaries/Kiss.Infrastructure.Test.DLL" adapterTypeName="Microsoft.VisualStudio.TestTools.TestTypes.Unit.UnitTestAdapter, Microsoft.VisualStudio.QualityTools.Tips.UnitTest.Adapter, Version=10.0.0.0, Culture=neutral, PublicKeyToken=b03f5f7f11d50a3a" className="Kiss.Infrastructure.Test.IoC.UsableByAttributeTest, Kiss.Infrastructure.Test, Version=1.0.0.0, Culture=neutral, PublicKeyToken=null" name="Usable" />
        </UnitTest>
        <UnitTest name="GetData_GetInsertedData_DienstleistungExists" storage="e:\kiss-builds\2\kiss\kiss4 nightly tests\binaries\kiss.bl.test.dll" id="3b418b4a-a0c0-3df0-d1f8-a4005ff2c324">
            <Execution id="e8eb7eef-82bd-4883-a19d-7668c2c8276d" />
            <TestMethod codeBase="E:/KiSS-Builds/2/KiSS/KiSS4 Nightly Tests/Binaries/Kiss.BL.Test.DLL" adapterTypeName="Microsoft.VisualStudio.TestTools.TestTypes.Unit.UnitTestAdapter, Microsoft.VisualStudio.QualityTools.Tips.UnitTest.Adapter, Version=10.0.0.0, Culture=neutral, PublicKeyToken=b03f5f7f11d50a3a" className="Kiss.BL.Test.Fs.FsDienstleistungServiceTest, Kiss.BL.Test, Version=4.5.22.204, Culture=neutral, PublicKeyToken=null" name="GetData_GetInsertedData_DienstleistungExists" />
        </UnitTest>
        <UnitTest name="TestPostkontoUnformatiert_ConvertBackSingle" storage="e:\kiss-builds\2\kiss\kiss4 nightly tests\binaries\kiss.ui.controls.test.dll" id="b1ac53d6-b5dc-0c46-0002-5c5cbcb16283">
            <Execution id="b8063b32-f648-4e30-8813-f52f7d8885a1" />
            <TestMethod codeBase="E:/KiSS-Builds/2/KiSS/KiSS4 Nightly Tests/Binaries/Kiss.UI.Controls.Test.DLL" adapterTypeName="Microsoft.VisualStudio.TestTools.TestTypes.Unit.UnitTestAdapter, Microsoft.VisualStudio.QualityTools.Tips.UnitTest.Adapter, Version=10.0.0.0, Culture=neutral, PublicKeyToken=b03f5f7f11d50a3a" className="Kiss.UI.Controls.Test.PostkontoNrFormattingConverterTest, Kiss.UI.Controls.Test, Version=4.5.22.204, Culture=neutral, PublicKeyToken=null" name="TestPostkontoUnformatiert_ConvertBackSingle" />
        </UnitTest>
        <UnitTest name="Test_Gesamt_Nichts_Zugewiesen" storage="e:\kiss-builds\2\kiss\kiss4 nightly tests\binaries\kiss.bl.test.dll" id="48badc67-48cb-add0-d632-3c4bd1722866">
            <Execution id="6254f76e-402e-419e-9565-94f80d074ccf" />
            <TestMethod codeBase="E:/KiSS-Builds/2/KiSS/KiSS4 Nightly Tests/Binaries/Kiss.BL.Test.DLL" adapterTypeName="Microsoft.VisualStudio.TestTools.TestTypes.Unit.UnitTestAdapter, Microsoft.VisualStudio.QualityTools.Tips.UnitTest.Adapter, Version=10.0.0.0, Culture=neutral, PublicKeyToken=b03f5f7f11d50a3a" className="Kiss.BL.Test.Fs.FsDienstleistungAuswertungServiceTest, Kiss.BL.Test, Version=4.5.22.204, Culture=neutral, PublicKeyToken=null" name="Test_Gesamt_Nichts_Zugewiesen" />
        </UnitTest>
        <UnitTest name="Test_CascadingUpdateWithNewSearch_NewContext_OnlyDLP" storage="e:\kiss-builds\2\kiss\kiss4 nightly tests\binaries\kiss.bl.test.dll" id="aa50949b-8911-d318-f806-cb1f8a36d29a">
            <Execution id="21e5ce7c-2c7f-4d8a-8e59-0a50296ed582" />
            <TestMethod codeBase="E:/KiSS-Builds/2/KiSS/KiSS4 Nightly Tests/Binaries/Kiss.BL.Test.DLL" adapterTypeName="Microsoft.VisualStudio.TestTools.TestTypes.Unit.UnitTestAdapter, Microsoft.VisualStudio.QualityTools.Tips.UnitTest.Adapter, Version=10.0.0.0, Culture=neutral, PublicKeyToken=b03f5f7f11d50a3a" className="Kiss.BL.Test.Common.SelfTrackingEntitiesCascadingTest, Kiss.BL.Test, Version=4.5.22.204, Culture=neutral, PublicKeyToken=null" name="Test_CascadingUpdateWithNewSearch_NewContext_OnlyDLP" />
        </UnitTest>
        <UnitTest name="Test_FavoriteNameOnlySpaces" storage="e:\kiss-builds\2\kiss\kiss4 nightly tests\binaries\kiss4.favoriten.test.dll" id="7ae5cd42-f5fa-314a-7a2a-f80f7df804ba">
            <Execution id="01269fe6-1eb1-45a2-ad6b-8e71c369901e" />
            <TestMethod codeBase="E:/KiSS-Builds/2/KiSS/KiSS4 Nightly Tests/Binaries/KiSS4.Favoriten.Test.DLL" adapterTypeName="Microsoft.VisualStudio.TestTools.TestTypes.Unit.UnitTestAdapter, Microsoft.VisualStudio.QualityTools.Tips.UnitTest.Adapter, Version=10.0.0.0, Culture=neutral, PublicKeyToken=b03f5f7f11d50a3a" className="KiSS4.Favoriten.Test.Model.IncorrectTests, KiSS4.Favoriten.Test, Version=4.5.22.204, Culture=neutral, PublicKeyToken=null" name="Test_FavoriteNameOnlySpaces" />
        </UnitTest>
        <UnitTest name="Test_DlpLaufzeit_Kuerzer" storage="e:\kiss-builds\2\kiss\kiss4 nightly tests\binaries\kiss.bl.test.dll" id="0ac09f26-e80d-671b-0f8b-e03fd753ad59">
            <Execution id="e2be3b48-06b4-40f3-9484-07a321187435" />
            <TestMethod codeBase="E:/KiSS-Builds/2/KiSS/KiSS4 Nightly Tests/Binaries/Kiss.BL.Test.DLL" adapterTypeName="Microsoft.VisualStudio.TestTools.TestTypes.Unit.UnitTestAdapter, Microsoft.VisualStudio.QualityTools.Tips.UnitTest.Adapter, Version=10.0.0.0, Culture=neutral, PublicKeyToken=b03f5f7f11d50a3a" className="Kiss.BL.Test.Fs.FsDienstleistungAuswertungServiceTest, Kiss.BL.Test, Version=4.5.22.204, Culture=neutral, PublicKeyToken=null" name="Test_DlpLaufzeit_Kuerzer" />
        </UnitTest>
        <UnitTest name="TryGetValue_IntValid_ValueFound" storage="e:\kiss-builds\2\kiss\kiss4 nightly tests\binaries\kiss.infrastructure.test.dll" id="30ba71cd-7345-0da0-82f9-0067a67f51cf">
            <Execution id="504e0f09-1fa0-45ba-95bb-a39e0eb6cc0c" />
            <TestMethod codeBase="E:/KiSS-Builds/2/KiSS/KiSS4 Nightly Tests/Binaries/Kiss.Infrastructure.Test.DLL" adapterTypeName="Microsoft.VisualStudio.TestTools.TestTypes.Unit.UnitTestAdapter, Microsoft.VisualStudio.QualityTools.Tips.UnitTest.Adapter, Version=10.0.0.0, Culture=neutral, PublicKeyToken=b03f5f7f11d50a3a" className="Kiss.Infrastructure.Test.ExtensionsTest, Kiss.Infrastructure.Test, Version=1.0.0.0, Culture=neutral, PublicKeyToken=null" name="TryGetValue_IntValid_ValueFound" />
        </UnitTest>
        <UnitTest name="NewData_KlientenbudgetUndStandardPositionenErstellt" storage="e:\kiss-builds\2\kiss\kiss4 nightly tests\binaries\kiss.bl.test.dll" id="71aa2394-9492-8bcb-ec97-d7f2fc4ee7c0">
            <Execution id="c3feb4bd-7233-49af-aaf1-34e3f9f0e55f" />
            <TestMethod codeBase="E:/KiSS-Builds/2/KiSS/KiSS4 Nightly Tests/Binaries/Kiss.BL.Test.DLL" adapterTypeName="Microsoft.VisualStudio.TestTools.TestTypes.Unit.UnitTestAdapter, Microsoft.VisualStudio.QualityTools.Tips.UnitTest.Adapter, Version=10.0.0.0, Culture=neutral, PublicKeyToken=b03f5f7f11d50a3a" className="Kiss.BL.Test.Vm.VmKlientenbudgetServiceTest, Kiss.BL.Test, Version=4.5.22.204, Culture=neutral, PublicKeyToken=null" name="NewData_KlientenbudgetUndStandardPositionenErstellt" />
        </UnitTest>
        <UnitTest name="GetAssignedDienstleistungRelationen_assign2Dienstleistungen_Has2DienstleistungRelationen" storage="e:\kiss-builds\2\kiss\kiss4 nightly tests\binaries\kiss.bl.test.dll" id="c173b1d2-a46a-4380-f2e0-7e1b8da9fd73">
            <Execution id="37888cd6-ba0f-4518-b013-5e75308977ed" />
            <TestMethod codeBase="E:/KiSS-Builds/2/KiSS/KiSS4 Nightly Tests/Binaries/Kiss.BL.Test.DLL" adapterTypeName="Microsoft.VisualStudio.TestTools.TestTypes.Unit.UnitTestAdapter, Microsoft.VisualStudio.QualityTools.Tips.UnitTest.Adapter, Version=10.0.0.0, Culture=neutral, PublicKeyToken=b03f5f7f11d50a3a" className="Kiss.BL.Test.Fs.FsDienstleistungspaketServiceTest, Kiss.BL.Test, Version=4.5.22.204, Culture=neutral, PublicKeyToken=null" name="GetAssignedDienstleistungRelationen_assign2Dienstleistungen_Has2DienstleistungRelationen" />
        </UnitTest>
        <UnitTest name="Test_Utils_ConvertToInt" storage="e:\kiss-builds\2\kiss\kiss4 nightly tests\binaries\kiss4.common.test.dll" id="6952d85f-a789-56e0-c9b8-d8d42a97589b">
            <Execution id="9924f6f1-cd70-4c9e-a39d-c2298b132df1" />
            <TestMethod codeBase="E:/KiSS-Builds/2/KiSS/KiSS4 Nightly Tests/Binaries/KiSS4.Common.Test.DLL" adapterTypeName="Microsoft.VisualStudio.TestTools.TestTypes.Unit.UnitTestAdapter, Microsoft.VisualStudio.QualityTools.Tips.UnitTest.Adapter, Version=10.0.0.0, Culture=neutral, PublicKeyToken=b03f5f7f11d50a3a" className="KiSS4.Common.Test.UtilsTest, KiSS4.Common.Test, Version=4.5.22.204, Culture=neutral, PublicKeyToken=null" name="Test_Utils_ConvertToInt" />
        </UnitTest>
        <UnitTest name="Test_ParseThreeRecordTwoFirstIncorrect" storage="e:\kiss-builds\2\kiss\kiss4 nightly tests\binaries\kiss.klibu.bl.test.dll" id="e1bec994-c6a6-d13c-d9bf-72c89bc30ff0">
            <Description>Parse 3 bank records where the two first one aren't correct, only the third bank is in the list</Description>
            <TestCategory>
                <TestCategoryItem TestCategory="Local" />
            </TestCategory>
            <Execution id="c692f443-5f95-4f89-8cc7-3e1fbf29fbae" />
            <TestMethod codeBase="E:/KiSS-Builds/2/KiSS/KiSS4 Nightly Tests/Binaries/KiSS.KliBu.BL.Test.DLL" adapterTypeName="Microsoft.VisualStudio.TestTools.TestTypes.Unit.UnitTestAdapter, Microsoft.VisualStudio.QualityTools.Tips.UnitTest.Adapter, Version=10.0.0.0, Culture=neutral, PublicKeyToken=b03f5f7f11d50a3a" className="KiSS.KliBu.BL.Test.UnitTest.BankParserTest, KiSS.KliBu.BL.Test, Version=4.5.22.204, Culture=neutral, PublicKeyToken=null" name="Test_ParseThreeRecordTwoFirstIncorrect" />
        </UnitTest>
        <UnitTest name="GetConfigValueBitTest" storage="e:\kiss-builds\2\kiss\kiss4 nightly tests\binaries\kiss.bl.test.dll" id="e60dffb4-ca8e-0ef1-e9a7-d459cd070073">
            <Execution id="624dfe51-a122-4e33-851f-d8c1e6101bf8" />
            <TestMethod codeBase="E:/KiSS-Builds/2/KiSS/KiSS4 Nightly Tests/Binaries/Kiss.BL.Test.DLL" adapterTypeName="Microsoft.VisualStudio.TestTools.TestTypes.Unit.UnitTestAdapter, Microsoft.VisualStudio.QualityTools.Tips.UnitTest.Adapter, Version=10.0.0.0, Culture=neutral, PublicKeyToken=b03f5f7f11d50a3a" className="Kiss.BL.Test.System.XConfigServiceTest, Kiss.BL.Test, Version=4.5.22.204, Culture=neutral, PublicKeyToken=null" name="GetConfigValueBitTest" />
        </UnitTest>
        <UnitTest name="Test_Abschluss" storage="e:\kiss-builds\2\kiss\kiss4 nightly tests\binaries\kiss.bl.test.dll" id="e540f327-293d-b9c1-8b2a-4cfc123a1441">
            <Execution id="abb4c7c3-eba9-4e4e-aef0-f3ea77d7c202" />
            <TestMethod codeBase="E:/KiSS-Builds/2/KiSS/KiSS4 Nightly Tests/Binaries/Kiss.BL.Test.DLL" adapterTypeName="Microsoft.VisualStudio.TestTools.TestTypes.Unit.UnitTestAdapter, Microsoft.VisualStudio.QualityTools.Tips.UnitTest.Adapter, Version=10.0.0.0, Culture=neutral, PublicKeyToken=b03f5f7f11d50a3a" className="Kiss.BL.Test.Fa.FaKategorisierungServiceTest, Kiss.BL.Test, Version=4.5.22.204, Culture=neutral, PublicKeyToken=null" name="Test_Abschluss" />
        </UnitTest>
        <UnitTest name="Test_AddPerson_GetPerson_Via_Different_UnitOfWork" storage="e:\kiss-builds\2\kiss\kiss4 nightly tests\binaries\kiss.bl.test.dll" id="1b9902d0-db7e-030e-8697-aceebc9836f1">
            <Execution id="122e49ec-f00a-4f13-89eb-d9a0908dc185" />
            <TestMethod codeBase="E:/KiSS-Builds/2/KiSS/KiSS4 Nightly Tests/Binaries/Kiss.BL.Test.DLL" adapterTypeName="Microsoft.VisualStudio.TestTools.TestTypes.Unit.UnitTestAdapter, Microsoft.VisualStudio.QualityTools.Tips.UnitTest.Adapter, Version=10.0.0.0, Culture=neutral, PublicKeyToken=b03f5f7f11d50a3a" className="Kiss.BL.Test.Ba.PersonServiceTest, Kiss.BL.Test, Version=4.5.22.204, Culture=neutral, PublicKeyToken=null" name="Test_AddPerson_GetPerson_Via_Different_UnitOfWork" />
        </UnitTest>
        <UnitTest name="Test_OkWhenNameIsNotEmpty" storage="e:\kiss-builds\2\kiss\kiss4 nightly tests\binaries\kiss.bl.test.dll" id="65c8dfb6-8c52-6515-a65c-0cfd53b82716">
            <Execution id="3d93401c-1e57-4b9a-a9b6-8c8636bcbfc5" />
            <TestMethod codeBase="E:/KiSS-Builds/2/KiSS/KiSS4 Nightly Tests/Binaries/Kiss.BL.Test.DLL" adapterTypeName="Microsoft.VisualStudio.TestTools.TestTypes.Unit.UnitTestAdapter, Microsoft.VisualStudio.QualityTools.Tips.UnitTest.Adapter, Version=10.0.0.0, Culture=neutral, PublicKeyToken=b03f5f7f11d50a3a" className="Kiss.BL.Test.Ba.Validation.BaPersonValidatorTest, Kiss.BL.Test, Version=4.5.22.204, Culture=neutral, PublicKeyToken=null" name="Test_OkWhenNameIsNotEmpty" />
        </UnitTest>
        <UnitTest name="Validate_LaufzeitIsGreaterThan0_IsValid" storage="e:\kiss-builds\2\kiss\kiss4 nightly tests\binaries\kiss.bl.test.dll" id="0bf00f0e-fc64-1ddf-f931-47473e44508a">
            <Execution id="f042aa7f-fd43-4a83-8db9-f44d9b44d61b" />
            <TestMethod codeBase="E:/KiSS-Builds/2/KiSS/KiSS4 Nightly Tests/Binaries/Kiss.BL.Test.DLL" adapterTypeName="Microsoft.VisualStudio.TestTools.TestTypes.Unit.UnitTestAdapter, Microsoft.VisualStudio.QualityTools.Tips.UnitTest.Adapter, Version=10.0.0.0, Culture=neutral, PublicKeyToken=b03f5f7f11d50a3a" className="Kiss.BL.Test.Fs.Validation.FsDienstleistungspaketValidatorTest, Kiss.BL.Test, Version=4.5.22.204, Culture=neutral, PublicKeyToken=null" name="Validate_LaufzeitIsGreaterThan0_IsValid" />
        </UnitTest>
        <UnitTest name="GetById_BudgetWithIdExists_NotNull" storage="e:\kiss-builds\2\kiss\kiss4 nightly tests\binaries\kiss.bl.test.dll" id="2abbccd8-f2a0-cb90-76fa-a0dd1042cd56">
            <Execution id="8eed9c39-8a28-48fa-a103-a5a59b1f07e6" />
            <TestMethod codeBase="E:/KiSS-Builds/2/KiSS/KiSS4 Nightly Tests/Binaries/Kiss.BL.Test.DLL" adapterTypeName="Microsoft.VisualStudio.TestTools.TestTypes.Unit.UnitTestAdapter, Microsoft.VisualStudio.QualityTools.Tips.UnitTest.Adapter, Version=10.0.0.0, Culture=neutral, PublicKeyToken=b03f5f7f11d50a3a" className="Kiss.BL.Test.Vm.VmKlientenbudgetServiceTest, Kiss.BL.Test, Version=4.5.22.204, Culture=neutral, PublicKeyToken=null" name="GetById_BudgetWithIdExists_NotNull" />
        </UnitTest>
        <UnitTest name="Validate_ModifierIsSet_IsValid" storage="e:\kiss-builds\2\kiss\kiss4 nightly tests\binaries\kiss.bl.test.dll" id="f89da2ae-9b5b-326c-1a3f-c9bf97fcaafd">
            <Execution id="4769b7e6-3349-4ca6-8ae4-f147cf22a326" />
            <TestMethod codeBase="E:/KiSS-Builds/2/KiSS/KiSS4 Nightly Tests/Binaries/Kiss.BL.Test.DLL" adapterTypeName="Microsoft.VisualStudio.TestTools.TestTypes.Unit.UnitTestAdapter, Microsoft.VisualStudio.QualityTools.Tips.UnitTest.Adapter, Version=10.0.0.0, Culture=neutral, PublicKeyToken=b03f5f7f11d50a3a" className="Kiss.BL.Test.ValidatorBaseTest, Kiss.BL.Test, Version=4.5.22.204, Culture=neutral, PublicKeyToken=null" name="Validate_ModifierIsSet_IsValid" />
        </UnitTest>
        <UnitTest name="Test_ErrorWhenNameIsEmpty" storage="e:\kiss-builds\2\kiss\kiss4 nightly tests\binaries\kiss.bl.test.dll" id="cb61c375-661d-2f04-00ac-e99dfea50049">
            <Execution id="15d30252-7e59-4008-8a89-f6d46bc41e34" />
            <TestMethod codeBase="E:/KiSS-Builds/2/KiSS/KiSS4 Nightly Tests/Binaries/Kiss.BL.Test.DLL" adapterTypeName="Microsoft.VisualStudio.TestTools.TestTypes.Unit.UnitTestAdapter, Microsoft.VisualStudio.QualityTools.Tips.UnitTest.Adapter, Version=10.0.0.0, Culture=neutral, PublicKeyToken=b03f5f7f11d50a3a" className="Kiss.BL.Test.Ba.Validation.BaPersonValidatorTest, Kiss.BL.Test, Version=4.5.22.204, Culture=neutral, PublicKeyToken=null" name="Test_ErrorWhenNameIsEmpty" />
        </UnitTest>
        <UnitTest name="DeleteData_paketHasAssignedDienstleistung_resultIsOkRelationsAreAlsoDeleted" storage="e:\kiss-builds\2\kiss\kiss4 nightly tests\binaries\kiss.bl.test.dll" id="745d59ee-4996-0ec7-af4a-dcd14b7035cf">
            <Execution id="0690a8e3-76b2-4c77-a2d4-0a2321804264" />
            <TestMethod codeBase="E:/KiSS-Builds/2/KiSS/KiSS4 Nightly Tests/Binaries/Kiss.BL.Test.DLL" adapterTypeName="Microsoft.VisualStudio.TestTools.TestTypes.Unit.UnitTestAdapter, Microsoft.VisualStudio.QualityTools.Tips.UnitTest.Adapter, Version=10.0.0.0, Culture=neutral, PublicKeyToken=b03f5f7f11d50a3a" className="Kiss.BL.Test.Fs.FsDienstleistungspaketServiceTest, Kiss.BL.Test, Version=4.5.22.204, Culture=neutral, PublicKeyToken=null" name="DeleteData_paketHasAssignedDienstleistung_resultIsOkRelationsAreAlsoDeleted" />
        </UnitTest>
        <UnitTest name="Test_RulePcKontoNr" storage="e:\kiss-builds\2\kiss\kiss4 nightly tests\binaries\kiss.klibu.bl.test.dll" id="0488a5fb-1a6b-f214-223a-9b00f5013c63">
            <Description>Test the rule for PCKontoNr</Description>
            <TestCategory>
                <TestCategoryItem TestCategory="Local" />
            </TestCategory>
            <Execution id="702e4758-b862-4f45-bf9e-f0ec8c359da0" />
            <TestMethod codeBase="E:/KiSS-Builds/2/KiSS/KiSS4 Nightly Tests/Binaries/KiSS.KliBu.BL.Test.DLL" adapterTypeName="Microsoft.VisualStudio.TestTools.TestTypes.Unit.UnitTestAdapter, Microsoft.VisualStudio.QualityTools.Tips.UnitTest.Adapter, Version=10.0.0.0, Culture=neutral, PublicKeyToken=b03f5f7f11d50a3a" className="KiSS.KliBu.BL.Test.UnitTest.BankValidatorTest, KiSS.KliBu.BL.Test, Version=4.5.22.204, Culture=neutral, PublicKeyToken=null" name="Test_RulePcKontoNr" />
        </UnitTest>
        <UnitTest name="RegisterAndResolveInstanceByInterface" storage="e:\kiss-builds\2\kiss\kiss4 nightly tests\binaries\kiss.infrastructure.test.dll" id="81e01c92-c57c-694f-83af-4933f7191d40">
            <Execution id="359f52b4-d031-4683-9928-1aba1b0aa43d" />
            <TestMethod codeBase="E:/KiSS-Builds/2/KiSS/KiSS4 Nightly Tests/Binaries/Kiss.Infrastructure.Test.DLL" adapterTypeName="Microsoft.VisualStudio.TestTools.TestTypes.Unit.UnitTestAdapter, Microsoft.VisualStudio.QualityTools.Tips.UnitTest.Adapter, Version=10.0.0.0, Culture=neutral, PublicKeyToken=b03f5f7f11d50a3a" className="Kiss.Infrastructure.Test.IoC.ContainerTest, Kiss.Infrastructure.Test, Version=1.0.0.0, Culture=neutral, PublicKeyToken=null" name="RegisterAndResolveInstanceByInterface" />
        </UnitTest>
        <UnitTest name="Test_AddPerson_GetPerson_UpdatePerson_Via_Different_UnitOfWork" storage="e:\kiss-builds\2\kiss\kiss4 nightly tests\binaries\kiss.bl.test.dll" id="24fb927d-4fc2-0364-cf33-80e5c052afac">
            <Execution id="94a14fdb-52e0-4396-8e82-8e9db1bfb635" />
            <TestMethod codeBase="E:/KiSS-Builds/2/KiSS/KiSS4 Nightly Tests/Binaries/Kiss.BL.Test.DLL" adapterTypeName="Microsoft.VisualStudio.TestTools.TestTypes.Unit.UnitTestAdapter, Microsoft.VisualStudio.QualityTools.Tips.UnitTest.Adapter, Version=10.0.0.0, Culture=neutral, PublicKeyToken=b03f5f7f11d50a3a" className="Kiss.BL.Test.Ba.PersonServiceTest, Kiss.BL.Test, Version=4.5.22.204, Culture=neutral, PublicKeyToken=null" name="Test_AddPerson_GetPerson_UpdatePerson_Via_Different_UnitOfWork" />
        </UnitTest>
        <UnitTest name="T07_EinzelzahlungVomGbl" storage="e:\kiss-builds\2\kiss\kiss4 nightly tests\binaries\kiss4.sozialhilfe.test.dll" id="f5c289d1-9947-8019-4237-d6894169e2ee">
            <TestCategory>
                <TestCategoryItem TestCategory="LongRunning" />
            </TestCategory>
            <Execution id="a400c009-2a42-4913-808d-a908f4763b75" />
            <TestMethod codeBase="E:/KiSS-Builds/2/KiSS/KiSS4 Nightly Tests/Binaries/KiSS4.Sozialhilfe.Test.DLL" adapterTypeName="Microsoft.VisualStudio.TestTools.TestTypes.Unit.UnitTestAdapter, Microsoft.VisualStudio.QualityTools.Tips.UnitTest.Adapter, Version=10.0.0.0, Culture=neutral, PublicKeyToken=b03f5f7f11d50a3a" className="KiSS4.Sozialhilfe.Test.GruenstellenTest, KiSS4.Sozialhilfe.Test, Version=4.5.22.204, Culture=neutral, PublicKeyToken=null" name="T07_EinzelzahlungVomGbl" />
        </UnitTest>
        <UnitTest name="HatUserSpezialrecht_Ok" storage="e:\kiss-builds\2\kiss\kiss4 nightly tests\binaries\kiss.bl.test.dll" id="c9c5fd09-8478-f66f-150f-8e5070def7a7">
            <Execution id="f79bf2d5-82c3-4c61-a55e-7270e68d2eed" />
            <TestMethod codeBase="E:/KiSS-Builds/2/KiSS/KiSS4 Nightly Tests/Binaries/Kiss.BL.Test.DLL" adapterTypeName="Microsoft.VisualStudio.TestTools.TestTypes.Unit.UnitTestAdapter, Microsoft.VisualStudio.QualityTools.Tips.UnitTest.Adapter, Version=10.0.0.0, Culture=neutral, PublicKeyToken=b03f5f7f11d50a3a" className="Kiss.BL.Test.KissSystem.BerechtigungsServiceTest, Kiss.BL.Test, Version=4.5.22.204, Culture=neutral, PublicKeyToken=null" name="HatUserSpezialrecht_Ok" />
        </UnitTest>
        <UnitTest name="Test_GetByBaPlzId" storage="e:\kiss-builds\2\kiss\kiss4 nightly tests\binaries\kiss.bl.test.dll" id="4a4440eb-c130-5fea-967d-f3a5f327a4ba">
            <Execution id="abfe9ddf-cdc9-4441-9daa-07dd69c88051" />
            <TestMethod codeBase="E:/KiSS-Builds/2/KiSS/KiSS4 Nightly Tests/Binaries/Kiss.BL.Test.DLL" adapterTypeName="Microsoft.VisualStudio.TestTools.TestTypes.Unit.UnitTestAdapter, Microsoft.VisualStudio.QualityTools.Tips.UnitTest.Adapter, Version=10.0.0.0, Culture=neutral, PublicKeyToken=b03f5f7f11d50a3a" className="Kiss.BL.Test.Ba.BaPlzServiceTest, Kiss.BL.Test, Version=4.5.22.204, Culture=neutral, PublicKeyToken=null" name="Test_GetByBaPlzId" />
        </UnitTest>
        <UnitTest name="Test_UpdateBaGemeinde" storage="e:\kiss-builds\2\kiss\kiss4 nightly tests\binaries\kiss.bl.test.dll" id="77d65b05-59ac-0766-4609-9511e30dcbe6">
            <DeploymentItems>
                <DeploymentItem filename="TestFiles\BaGemeindeServiceTestFiles.zip" outputDirectory="TestFiles" />
            </DeploymentItems>
            <Execution id="4f8bc455-d7bd-4516-b137-f43096668637" />
            <TestMethod codeBase="E:/KiSS-Builds/2/KiSS/KiSS4 Nightly Tests/Binaries/Kiss.BL.Test.DLL" adapterTypeName="Microsoft.VisualStudio.TestTools.TestTypes.Unit.UnitTestAdapter, Microsoft.VisualStudio.QualityTools.Tips.UnitTest.Adapter, Version=10.0.0.0, Culture=neutral, PublicKeyToken=b03f5f7f11d50a3a" className="Kiss.BL.Test.Ba.BaGemeindeServiceTest, Kiss.BL.Test, Version=4.5.22.204, Culture=neutral, PublicKeyToken=null" name="Test_UpdateBaGemeinde" />
        </UnitTest>
        <UnitTest name="Should_not_update_bank_after_rollback" storage="e:\kiss-builds\2\kiss\kiss4 nightly tests\binaries\kiss.klibu.bl.test.dll" id="a37f1836-1b78-836c-0496-9b6bee0ae308">
            <TestCategory>
                <TestCategoryItem TestCategory="LongRunning" />
            </TestCategory>
            <Execution id="3a9a7968-a10e-4a4f-8ff6-d54c13ef1c22" />
            <TestMethod codeBase="E:/KiSS-Builds/2/KiSS/KiSS4 Nightly Tests/Binaries/KiSS.KliBu.BL.Test.DLL" adapterTypeName="Microsoft.VisualStudio.TestTools.TestTypes.Unit.UnitTestAdapter, Microsoft.VisualStudio.QualityTools.Tips.UnitTest.Adapter, Version=10.0.0.0, Culture=neutral, PublicKeyToken=b03f5f7f11d50a3a" className="KiSS.KliBu.BL.Test.IntegrationTest.BankenServiceTest, KiSS.KliBu.BL.Test, Version=4.5.22.204, Culture=neutral, PublicKeyToken=null" name="Should_not_update_bank_after_rollback" />
        </UnitTest>
        <UnitTest name="Test_RuleSprachcode" storage="e:\kiss-builds\2\kiss\kiss4 nightly tests\binaries\kiss.klibu.bl.test.dll" id="878041d0-e80d-0df3-462b-f9ba7c7c1f5d">
            <Description>Test the rule for Sprachcode</Description>
            <TestCategory>
                <TestCategoryItem TestCategory="Local" />
            </TestCategory>
            <Execution id="3b9f1660-e4bb-4368-b3fd-e4459e081590" />
            <TestMethod codeBase="E:/KiSS-Builds/2/KiSS/KiSS4 Nightly Tests/Binaries/KiSS.KliBu.BL.Test.DLL" adapterTypeName="Microsoft.VisualStudio.TestTools.TestTypes.Unit.UnitTestAdapter, Microsoft.VisualStudio.QualityTools.Tips.UnitTest.Adapter, Version=10.0.0.0, Culture=neutral, PublicKeyToken=b03f5f7f11d50a3a" className="KiSS.KliBu.BL.Test.UnitTest.BankValidatorTest, KiSS.KliBu.BL.Test, Version=4.5.22.204, Culture=neutral, PublicKeyToken=null" name="Test_RuleSprachcode" />
        </UnitTest>
        <UnitTest name="UpdateBetragSaldoOtherPositions_Vermoegen_UpdateSaldoElBerechnung" storage="e:\kiss-builds\2\kiss\kiss4 nightly tests\binaries\kiss.bl.test.dll" id="1b1789c9-1488-cb1b-cb2a-126653ecd022">
            <Execution id="0f48e27a-2e32-4580-a2cb-6cf4cc3f6fae" />
            <TestMethod codeBase="E:/KiSS-Builds/2/KiSS/KiSS4 Nightly Tests/Binaries/Kiss.BL.Test.DLL" adapterTypeName="Microsoft.VisualStudio.TestTools.TestTypes.Unit.UnitTestAdapter, Microsoft.VisualStudio.QualityTools.Tips.UnitTest.Adapter, Version=10.0.0.0, Culture=neutral, PublicKeyToken=b03f5f7f11d50a3a" className="Kiss.BL.Test.Vm.VmPositionDTOServiceTest, Kiss.BL.Test, Version=4.5.22.204, Culture=neutral, PublicKeyToken=null" name="UpdateBetragSaldoOtherPositions_Vermoegen_UpdateSaldoElBerechnung" />
        </UnitTest>
        <UnitTest name="Test_FavoriteNameEmptyString" storage="e:\kiss-builds\2\kiss\kiss4 nightly tests\binaries\kiss4.favoriten.test.dll" id="53661b11-c745-48b2-edf1-898cfa9ef740">
            <Execution id="a954cddd-3bbb-41b8-a1af-f0e81794338a" />
            <TestMethod codeBase="E:/KiSS-Builds/2/KiSS/KiSS4 Nightly Tests/Binaries/KiSS4.Favoriten.Test.DLL" adapterTypeName="Microsoft.VisualStudio.TestTools.TestTypes.Unit.UnitTestAdapter, Microsoft.VisualStudio.QualityTools.Tips.UnitTest.Adapter, Version=10.0.0.0, Culture=neutral, PublicKeyToken=b03f5f7f11d50a3a" className="KiSS4.Favoriten.Test.Model.IncorrectTests, KiSS4.Favoriten.Test, Version=4.5.22.204, Culture=neutral, PublicKeyToken=null" name="Test_FavoriteNameEmptyString" />
        </UnitTest>
        <UnitTest name="T10_GblAufAusgabekontoUndEzVomGblUndVerrechnung" storage="e:\kiss-builds\2\kiss\kiss4 nightly tests\binaries\kiss4.sozialhilfe.test.dll" id="578beedf-15d4-d490-fa82-565220dc00c1">
            <TestCategory>
[...]
        </UnitTestResult>
        <UnitTestResult executionId="fcb64703-6a7b-4047-acf5-55f390291458" testId="bfcb8c04-1d3f-a83f-389f-7720f1f0918f" testName="Test_FavoriteNameOk" computerName="BURSTINI" duration="00:00:00.0002662" startTime="2013-05-28T04:23:41.8949533+02:00" endTime="2013-05-28T04:23:41.8949533+02:00" testType="13cdc9d9-ddb5-4fa4-a97d-d965ccfc6d4b" outcome="Passed" testListId="8c84fa94-04c1-424b-9868-57a2d4851a1d" relativeResultsDirectory="fcb64703-6a7b-4047-acf5-55f390291458">
        </UnitTestResult>
        <UnitTestResult executionId="a954cddd-3bbb-41b8-a1af-f0e81794338a" testId="53661b11-c745-48b2-edf1-898cfa9ef740" testName="Test_FavoriteNameEmptyString" computerName="BURSTINI" duration="00:00:00.0003603" startTime="2013-05-28T04:23:41.8949533+02:00" endTime="2013-05-28T04:23:41.8949533+02:00" testType="13cdc9d9-ddb5-4fa4-a97d-d965ccfc6d4b" outcome="Passed" testListId="8c84fa94-04c1-424b-9868-57a2d4851a1d" relativeResultsDirectory="a954cddd-3bbb-41b8-a1af-f0e81794338a">
        </UnitTestResult>
        <UnitTestResult executionId="01269fe6-1eb1-45a2-ad6b-8e71c369901e" testId="7ae5cd42-f5fa-314a-7a2a-f80f7df804ba" testName="Test_FavoriteNameOnlySpaces" computerName="BURSTINI" duration="00:00:00.0002430" startTime="2013-05-28T04:23:41.8949533+02:00" endTime="2013-05-28T04:23:41.9105784+02:00" testType="13cdc9d9-ddb5-4fa4-a97d-d965ccfc6d4b" outcome="Passed" testListId="8c84fa94-04c1-424b-9868-57a2d4851a1d" relativeResultsDirectory="01269fe6-1eb1-45a2-ad6b-8e71c369901e">
        </UnitTestResult>
        <UnitTestResult executionId="1a78099c-f394-49d7-b355-126501cadd40" testId="5352e54c-8788-e7d6-5506-27d8c4b86c9a" testName="Test_FavoriteNameTooLong" computerName="BURSTINI" duration="00:00:00.0002030" startTime="2013-05-28T04:23:41.9105784+02:00" endTime="2013-05-28T04:23:41.9105784+02:00" testType="13cdc9d9-ddb5-4fa4-a97d-d965ccfc6d4b" outcome="Passed" testListId="8c84fa94-04c1-424b-9868-57a2d4851a1d" relativeResultsDirectory="1a78099c-f394-49d7-b355-126501cadd40">
        </UnitTestResult>
        <UnitTestResult executionId="cbad1955-827a-4228-b689-901314b914c7" testId="be383277-9fa2-94ff-7a15-b71a63f3983a" testName="Test_DtaRecordFactoryFibuBankIbanOK" computerName="BURSTINI" duration="00:00:00.2458320" startTime="2013-05-28T04:23:41.9105784+02:00" endTime="2013-05-28T04:23:42.4574569+02:00" testType="13cdc9d9-ddb5-4fa4-a97d-d965ccfc6d4b" outcome="Passed" testListId="8c84fa94-04c1-424b-9868-57a2d4851a1d" relativeResultsDirectory="cbad1955-827a-4228-b689-901314b914c7">
        </UnitTestResult>
        <UnitTestResult executionId="8f676b07-85e4-4914-b065-3689714684af" testId="ef49fa79-465d-21d8-98b6-d9beb9894758" testName="Test_DtaRecordFactoryFibuBankNoIbanOK" computerName="BURSTINI" duration="00:00:00.0050118" startTime="2013-05-28T04:23:42.4574569+02:00" endTime="2013-05-28T04:23:42.4574569+02:00" testType="13cdc9d9-ddb5-4fa4-a97d-d965ccfc6d4b" outcome="Passed" testListId="8c84fa94-04c1-424b-9868-57a2d4851a1d" relativeResultsDirectory="8f676b07-85e4-4914-b065-3689714684af">
        </UnitTestResult>
        <UnitTestResult executionId="cb0c113c-527c-44d0-b7a3-19e9d6bb2600" testId="29ffd185-cd79-fd5b-88f3-40e42c61732b" testName="Test_DtaRecordFactoryFibuFalsePaymentInformationNOK" computerName="BURSTINI" duration="00:00:00.0038594" startTime="2013-05-28T04:23:42.4730820+02:00" endTime="2013-05-28T04:23:42.4887071+02:00" testType="13cdc9d9-ddb5-4fa4-a97d-d965ccfc6d4b" outcome="Passed" testListId="8c84fa94-04c1-424b-9868-57a2d4851a1d" relativeResultsDirectory="cb0c113c-527c-44d0-b7a3-19e9d6bb2600">
        </UnitTestResult>
        <UnitTestResult executionId="0bfe3d23-910d-4e65-a9e0-4a462f8b6655" testId="577300b3-e1ce-0257-4d88-a2c0363ac254" testName="Test_DtaRecordFactoryKlibuBankzahlungIbanOK" computerName="BURSTINI" duration="00:00:00.0008833" startTime="2013-05-28T04:23:42.4887071+02:00" endTime="2013-05-28T04:23:42.4887071+02:00" testType="13cdc9d9-ddb5-4fa4-a97d-d965ccfc6d4b" outcome="Passed" testListId="8c84fa94-04c1-424b-9868-57a2d4851a1d" relativeResultsDirectory="0bfe3d23-910d-4e65-a9e0-4a462f8b6655">
        </UnitTestResult>
        <UnitTestResult executionId="00db78ea-1b2d-43f4-89ff-b7114edcf46d" testId="424019e2-33f0-2722-b86f-6c7ecd0b892c" testName="Test_DtaRecordFactoryKlibuNOK" computerName="BURSTINI" duration="00:00:00.0004629" startTime="2013-05-28T04:23:42.5043322+02:00" endTime="2013-05-28T04:23:42.5043322+02:00" testType="13cdc9d9-ddb5-4fa4-a97d-d965ccfc6d4b" outcome="Passed" testListId="8c84fa94-04c1-424b-9868-57a2d4851a1d" relativeResultsDirectory="00db78ea-1b2d-43f4-89ff-b7114edcf46d">
        </UnitTestResult>
        <UnitTestResult executionId="b54ebbd5-cdea-4280-8f2e-363a7d76b4a8" testId="261ee8e0-1289-32f8-f7fd-d1d88e96857e" testName="Test_DtaRecordFactoryKlibuOK" computerName="BURSTINI" duration="00:00:00.0003631" startTime="2013-05-28T04:23:42.5043322+02:00" endTime="2013-05-28T04:23:42.5043322+02:00" testType="13cdc9d9-ddb5-4fa4-a97d-d965ccfc6d4b" outcome="Passed" testListId="8c84fa94-04c1-424b-9868-57a2d4851a1d" relativeResultsDirectory="b54ebbd5-cdea-4280-8f2e-363a7d76b4a8">
        </UnitTestResult>
        <UnitTestResult executionId="5abdd411-6d51-4beb-81fc-d8b2860e1469" testId="b89e7a0e-afd4-a97a-a30b-db83b62957e0" testName="Test_DtaRecordFactoryKlibuRecordLenghtBankIbanOK" computerName="BURSTINI" duration="00:00:00.0268911" startTime="2013-05-28T04:23:42.5199573+02:00" endTime="2013-05-28T04:23:42.5512075+02:00" testType="13cdc9d9-ddb5-4fa4-a97d-d965ccfc6d4b" outcome="Passed" testListId="8c84fa94-04c1-424b-9868-57a2d4851a1d" relativeResultsDirectory="5abdd411-6d51-4beb-81fc-d8b2860e1469">
        </UnitTestResult>
        <UnitTestResult executionId="2998c336-0053-4b11-8553-a4e0ae875a20" testId="87d6c31c-fe9b-047c-1f61-cb345c9d23a3" testName="Test_DtaRecordFactoryKlibuRecordLenghtBankNoIbanOK" computerName="BURSTINI" duration="00:00:00.0033325" startTime="2013-05-28T04:23:42.5512075+02:00" endTime="2013-05-28T04:23:42.5512075+02:00" testType="13cdc9d9-ddb5-4fa4-a97d-d965ccfc6d4b" outcome="Passed" testListId="8c84fa94-04c1-424b-9868-57a2d4851a1d" relativeResultsDirectory="2998c336-0053-4b11-8553-a4e0ae875a20">
        </UnitTestResult>
        <UnitTestResult executionId="35cd65e1-5434-4bf7-885f-c4aab6d5d98a" testId="78677b6a-9216-5b31-82a3-7d8fe23f1757" testName="Test_Length826" computerName="BURSTINI" duration="00:00:00.0732523" startTime="2013-05-28T04:23:42.5512075+02:00" endTime="2013-05-28T04:23:42.6293330+02:00" testType="13cdc9d9-ddb5-4fa4-a97d-d965ccfc6d4b" outcome="Passed" testListId="8c84fa94-04c1-424b-9868-57a2d4851a1d" relativeResultsDirectory="35cd65e1-5434-4bf7-885f-c4aab6d5d98a">
        </UnitTestResult>
        <UnitTestResult executionId="42616211-853e-4aef-8eec-cee1e463cf22" testId="11c1f801-4a8b-0bcd-2c10-648e04f6c61c" testName="Test_Length827" computerName="BURSTINI" duration="00:00:00.0011562" startTime="2013-05-28T04:23:42.6293330+02:00" endTime="2013-05-28T04:23:42.6449581+02:00" testType="13cdc9d9-ddb5-4fa4-a97d-d965ccfc6d4b" outcome="Passed" testListId="8c84fa94-04c1-424b-9868-57a2d4851a1d" relativeResultsDirectory="42616211-853e-4aef-8eec-cee1e463cf22">
        </UnitTestResult>
        <UnitTestResult executionId="3657d1c3-6594-431d-b65d-457e05ed5d7d" testId="fc5741b1-d7d7-3835-afcd-cc1153f3a11d" testName="Test_Length836_Mitteilungstext" computerName="BURSTINI" duration="00:00:00.0006305" startTime="2013-05-28T04:23:42.6449581+02:00" endTime="2013-05-28T04:23:42.6449581+02:00" testType="13cdc9d9-ddb5-4fa4-a97d-d965ccfc6d4b" outcome="Passed" testListId="8c84fa94-04c1-424b-9868-57a2d4851a1d" relativeResultsDirectory="3657d1c3-6594-431d-b65d-457e05ed5d7d">
        </UnitTestResult>
        <UnitTestResult executionId="52309b7f-96d2-45b5-9d21-646839d0da3b" testId="9b2a90d4-8780-032f-1a6e-501c69ac3e9c" testName="Test_Length836_MitteilungstextZuLang" computerName="BURSTINI" duration="00:00:00.0005483" startTime="2013-05-28T04:23:42.6449581+02:00" endTime="2013-05-28T04:23:42.6449581+02:00" testType="13cdc9d9-ddb5-4fa4-a97d-d965ccfc6d4b" outcome="Passed" testListId="8c84fa94-04c1-424b-9868-57a2d4851a1d" relativeResultsDirectory="52309b7f-96d2-45b5-9d21-646839d0da3b">
        </UnitTestResult>
        <UnitTestResult executionId="cd0a78b2-d5c5-4e4c-8c4a-5fdb6d1a0fa8" testId="5bbc164c-0a70-32b7-227b-9aac8695beba" testName="Test_Length836_Referenzzeile" computerName="BURSTINI" duration="00:00:00.0011481" startTime="2013-05-28T04:23:42.6449581+02:00" endTime="2013-05-28T04:23:42.6605832+02:00" testType="13cdc9d9-ddb5-4fa4-a97d-d965ccfc6d4b" outcome="Passed" testListId="8c84fa94-04c1-424b-9868-57a2d4851a1d" relativeResultsDirectory="cd0a78b2-d5c5-4e4c-8c4a-5fdb6d1a0fa8">
        </UnitTestResult>
        <UnitTestResult executionId="7ef5f476-a520-4136-8ab8-bf6b236faad4" testId="0d491669-de44-8e9f-5aa4-45dcc22b41fb" testName="Test_Verguetungsbetrag827" computerName="BURSTINI" duration="00:00:00.0004752" startTime="2013-05-28T04:23:42.6605832+02:00" endTime="2013-05-28T04:23:42.6605832+02:00" testType="13cdc9d9-ddb5-4fa4-a97d-d965ccfc6d4b" outcome="Passed" testListId="8c84fa94-04c1-424b-9868-57a2d4851a1d" relativeResultsDirectory="7ef5f476-a520-4136-8ab8-bf6b236faad4">
        </UnitTestResult>
        <UnitTestResult executionId="eb29a916-1581-4a92-b8e6-3c07c95a797b" testId="95936405-755a-2f41-1c07-c3b2f1837b75" testName="Test_Verguetungsbetrag836" computerName="BURSTINI" duration="00:00:00.0004492" startTime="2013-05-28T04:23:42.6605832+02:00" endTime="2013-05-28T04:23:42.6605832+02:00" testType="13cdc9d9-ddb5-4fa4-a97d-d965ccfc6d4b" outcome="Passed" testListId="8c84fa94-04c1-424b-9868-57a2d4851a1d" relativeResultsDirectory="eb29a916-1581-4a92-b8e6-3c07c95a797b">
        </UnitTestResult>
        <UnitTestResult executionId="6a65fd93-33b5-4be4-a23d-d40bf93f152f" testId="eed2b637-b236-97e1-814c-240a070a5405" testName="Test_Verguetungsbetrag836FourDecimals" computerName="BURSTINI" duration="00:00:00.0005464" startTime="2013-05-28T04:23:42.6605832+02:00" endTime="2013-05-28T04:23:42.6762083+02:00" testType="13cdc9d9-ddb5-4fa4-a97d-d965ccfc6d4b" outcome="Passed" testListId="8c84fa94-04c1-424b-9868-57a2d4851a1d" relativeResultsDirectory="6a65fd93-33b5-4be4-a23d-d40bf93f152f">
        </UnitTestResult>
        <UnitTestResult executionId="1f74eedd-1229-49e4-a666-0ffba9df95c7" testId="a96657ee-3d64-1bcd-694e-46e9a6b6d27c" testName="Test_Verguetungsbetrag836FourDecimalsNok" computerName="BURSTINI" duration="00:00:00.0005151" startTime="2013-05-28T04:23:42.6762083+02:00" endTime="2013-05-28T04:23:42.6762083+02:00" testType="13cdc9d9-ddb5-4fa4-a97d-d965ccfc6d4b" outcome="Passed" testListId="8c84fa94-04c1-424b-9868-57a2d4851a1d" relativeResultsDirectory="1f74eedd-1229-49e4-a666-0ffba9df95c7">
        </UnitTestResult>
        <UnitTestResult executionId="49b279e9-7cb9-4228-a370-883037382472" testId="da8a17b7-a70a-c0b2-c06d-054e05d40867" testName="Test_Verguetungsbetrag836NoDecimals" computerName="BURSTINI" duration="00:00:00.0004352" startTime="2013-05-28T04:23:42.6762083+02:00" endTime="2013-05-28T04:23:42.6762083+02:00" testType="13cdc9d9-ddb5-4fa4-a97d-d965ccfc6d4b" outcome="Passed" testListId="8c84fa94-04c1-424b-9868-57a2d4851a1d" relativeResultsDirectory="49b279e9-7cb9-4228-a370-883037382472">
        </UnitTestResult>
        <UnitTestResult executionId="38f1e374-22b8-49a7-97e3-e02137eb2fd2" testId="290380cb-7c25-6b2e-5431-af726bc6b763" testName="InsertPendenz_JustExecuting" computerName="BURSTINI" duration="00:00:00.0834011" startTime="2013-05-28T04:23:42.6762083+02:00" endTime="2013-05-28T04:23:42.7699589+02:00" testType="13cdc9d9-ddb5-4fa4-a97d-d965ccfc6d4b" outcome="Passed" testListId="8c84fa94-04c1-424b-9868-57a2d4851a1d" relativeResultsDirectory="38f1e374-22b8-49a7-97e3-e02137eb2fd2">
        </UnitTestResult>
        <UnitTestResult executionId="a19bc0b7-721c-42e2-a310-6974baad6ffc" testId="5a93a515-6be9-9b6d-241b-c88501809c8b" testName="T01_NurGBL" computerName="BURSTINI" duration="00:00:15.3264409" startTime="2013-05-28T04:23:42.7699589+02:00" endTime="2013-05-28T04:23:58.4106840+02:00" testType="13cdc9d9-ddb5-4fa4-a97d-d965ccfc6d4b" outcome="Passed" testListId="8c84fa94-04c1-424b-9868-57a2d4851a1d" relativeResultsDirectory="a19bc0b7-721c-42e2-a310-6974baad6ffc">
            <Output>
                <DebugTrace>DBVersion: 4.5.31.0</DebugTrace>
            </Output>
        </UnitTestResult>
        <UnitTestResult executionId="675327bf-bd8c-4324-b487-4f608e2c4037" testId="097c4be9-22f6-4312-f211-52d6a83905bc" testName="T02_GblMieteKvg" computerName="BURSTINI" duration="00:00:00.8156352" startTime="2013-05-28T04:23:58.4106840+02:00" endTime="2013-05-28T04:23:59.2231892+02:00" testType="13cdc9d9-ddb5-4fa4-a97d-d965ccfc6d4b" outcome="Passed" testListId="8c84fa94-04c1-424b-9868-57a2d4851a1d" relativeResultsDirectory="675327bf-bd8c-4324-b487-4f608e2c4037">
            <Output>
                <DebugTrace>DBVersion: 4.5.31.0</DebugTrace>
            </Output>
        </UnitTestResult>
        <UnitTestResult executionId="b356034a-3b1f-4282-9233-99ef74a0a553" testId="23eb2fbb-0237-a001-bfb7-660ed8208fd1" testName="T03_NichtAbgetreteneEinnahmen" computerName="BURSTINI" duration="00:00:00.8920298" startTime="2013-05-28T04:23:59.2388143+02:00" endTime="2013-05-28T04:24:00.1294450+02:00" testType="13cdc9d9-ddb5-4fa4-a97d-d965ccfc6d4b" outcome="Passed" testListId="8c84fa94-04c1-424b-9868-57a2d4851a1d" relativeResultsDirectory="b356034a-3b1f-4282-9233-99ef74a0a553">
            <Output>
                <DebugTrace>DBVersion: 4.5.31.0</DebugTrace>
            </Output>
        </UnitTestResult>
        <UnitTestResult executionId="0ec386b3-7bab-499c-b189-14233a2501ca" testId="f41fa1f7-d2f5-dcfb-712f-8777d92d1733" testName="T04_ZweiNichtAbgetreteneEinnahmen" computerName="BURSTINI" duration="00:00:00.9134552" startTime="2013-05-28T04:24:00.1294450+02:00" endTime="2013-05-28T04:24:01.0513259+02:00" testType="13cdc9d9-ddb5-4fa4-a97d-d965ccfc6d4b" outcome="Passed" testListId="8c84fa94-04c1-424b-9868-57a2d4851a1d" relativeResultsDirectory="0ec386b3-7bab-499c-b189-14233a2501ca">
            <Output>
                <DebugTrace>DBVersion: 4.5.31.0</DebugTrace>
            </Output>
        </UnitTestResult>
        <UnitTestResult executionId="105a112a-5cc2-4f0d-a16d-33c26b33a5a4" testId="476a1207-a2f2-5701-9405-419a32bd4b48" testName="T05_Verrechnung" computerName="BURSTINI" duration="00:00:00.7585916" startTime="2013-05-28T04:24:01.0513259+02:00" endTime="2013-05-28T04:24:01.8169558+02:00" testType="13cdc9d9-ddb5-4fa4-a97d-d965ccfc6d4b" outcome="Passed" testListId="8c84fa94-04c1-424b-9868-57a2d4851a1d" relativeResultsDirectory="105a112a-5cc2-4f0d-a16d-33c26b33a5a4">
            <Output>
                <DebugTrace>DBVersion: 4.5.31.0</DebugTrace>
            </Output>
        </UnitTestResult>
        <UnitTestResult executionId="11d0d544-9f13-41a8-8986-94fb013e6f8d" testId="75467f79-0df8-d1aa-d415-656da760dbac" testName="T06_VerrechnungOhnePositionsart" computerName="BURSTINI" duration="00:00:00.8084879" startTime="2013-05-28T04:24:01.8169558+02:00" endTime="2013-05-28T04:24:02.6294610+02:00" testType="13cdc9d9-ddb5-4fa4-a97d-d965ccfc6d4b" outcome="Passed" testListId="8c84fa94-04c1-424b-9868-57a2d4851a1d" relativeResultsDirectory="11d0d544-9f13-41a8-8986-94fb013e6f8d">
            <Output>
                <DebugTrace>DBVersion: 4.5.31.0</DebugTrace>
            </Output>
        </UnitTestResult>
        <UnitTestResult executionId="a400c009-2a42-4913-808d-a908f4763b75" testId="f5c289d1-9947-8019-4237-d6894169e2ee" testName="T07_EinzelzahlungVomGbl" computerName="BURSTINI" duration="00:00:01.0131790" startTime="2013-05-28T04:24:02.6294610+02:00" endTime="2013-05-28T04:24:03.6450925+02:00" testType="13cdc9d9-ddb5-4fa4-a97d-d965ccfc6d4b" outcome="Passed" testListId="8c84fa94-04c1-424b-9868-57a2d4851a1d" relativeResultsDirectory="a400c009-2a42-4913-808d-a908f4763b75">
            <Output>
                <DebugTrace>DBVersion: 4.5.31.0</DebugTrace>
            </Output>
        </UnitTestResult>
        <UnitTestResult executionId="9291829c-aca1-4f4f-b421-6d64e06bd7cb" testId="ad347048-651a-87bb-429a-bfc5e0f08a2f" testName="T08_EinzelzahlungVomGblUndVerrechnung" computerName="BURSTINI" duration="00:00:00.4658857" startTime="2013-05-28T04:24:03.6450925+02:00" endTime="2013-05-28T04:24:04.1138455+02:00" testType="13cdc9d9-ddb5-4fa4-a97d-d965ccfc6d4b" outcome="Passed" testListId="8c84fa94-04c1-424b-9868-57a2d4851a1d" relativeResultsDirectory="9291829c-aca1-4f4f-b421-6d64e06bd7cb">
            <Output>
                <DebugTrace>DBVersion: 4.5.31.0</DebugTrace>
            </Output>
        </UnitTestResult>
        <UnitTestResult executionId="18068802-1e27-48be-a0e3-04699c9a28ed" testId="f435cbad-1293-e7b0-683f-1dca0173df0e" testName="T09_GblAufAusgabekontoUndVerrechnung" computerName="BURSTINI" duration="00:00:00.6817953" startTime="2013-05-28T04:24:04.1138455+02:00" endTime="2013-05-28T04:24:04.8013499+02:00" testType="13cdc9d9-ddb5-4fa4-a97d-d965ccfc6d4b" outcome="Passed" testListId="8c84fa94-04c1-424b-9868-57a2d4851a1d" relativeResultsDirectory="18068802-1e27-48be-a0e3-04699c9a28ed">
            <Output>
                <DebugTrace>DBVersion: 4.5.31.0</DebugTrace>
            </Output>
        </UnitTestResult>
        <UnitTestResult executionId="35f714ac-b980-4615-a2dc-b94795a70e42" testId="578beedf-15d4-d490-fa82-565220dc00c1" testName="T10_GblAufAusgabekontoUndEzVomGblUndVerrechnung" computerName="BURSTINI" duration="00:00:00.6313274" startTime="2013-05-28T04:24:04.8169750+02:00" endTime="2013-05-28T04:24:05.4419790+02:00" testType="13cdc9d9-ddb5-4fa4-a97d-d965ccfc6d4b" outcome="Passed" testListId="8c84fa94-04c1-424b-9868-57a2d4851a1d" relativeResultsDirectory="35f714ac-b980-4615-a2dc-b94795a70e42">
            <Output>
                <DebugTrace>DBVersion: 4.5.31.0</DebugTrace>
            </Output>
        </UnitTestResult>
        <UnitTestResult executionId="7b7ddcf7-ad69-49ef-b4d1-54759a770bc4" testId="c643173c-7523-55b1-4dfb-7a6e8439c5d0" testName="T11_ZweiNichtAbgetreteneEinnahmen_GblReichtNicht" computerName="BURSTINI" duration="00:00:00.5445728" startTime="2013-05-28T04:24:05.4419790+02:00" endTime="2013-05-28T04:24:06.0044826+02:00" testType="13cdc9d9-ddb5-4fa4-a97d-d965ccfc6d4b" outcome="Passed" testListId="8c84fa94-04c1-424b-9868-57a2d4851a1d" relativeResultsDirectory="7b7ddcf7-ad69-49ef-b4d1-54759a770bc4">
            <Output>
                <DebugTrace>DBVersion: 4.5.31.0</DebugTrace>
            </Output>
        </UnitTestResult>
        <UnitTestResult executionId="079e76e1-34c2-47f5-8a5e-1735f5d11578" testId="a98029ff-cfa3-ca58-86cc-d6d02ab84651" testName="T12_Sanktion_Verrechnung_Einnahme" computerName="BURSTINI" duration="00:00:00.7126388" startTime="2013-05-28T04:24:06.0044826+02:00" endTime="2013-05-28T04:24:06.7232372+02:00" testType="13cdc9d9-ddb5-4fa4-a97d-d965ccfc6d4b" outcome="Passed" testListId="8c84fa94-04c1-424b-9868-57a2d4851a1d" relativeResultsDirectory="079e76e1-34c2-47f5-8a5e-1735f5d11578">
            <Output>
                <DebugTrace>DBVersion: 4.5.31.0</DebugTrace>
            </Output>
        </UnitTestResult>
        <UnitTestResult executionId="1cd23fdb-9e88-49eb-8fb2-bc9eeb93cff0" testId="5fc833d4-5ab0-2fed-04f1-fca122446efe" testName="T13_NegativeEinnahme" computerName="BURSTINI" duration="00:00:01.0254951" startTime="2013-05-28T04:24:06.7232372+02:00" endTime="2013-05-28T04:24:07.7544938+02:00" testType="13cdc9d9-ddb5-4fa4-a97d-d965ccfc6d4b" outcome="Passed" testListId="8c84fa94-04c1-424b-9868-57a2d4851a1d" relativeResultsDirectory="1cd23fdb-9e88-49eb-8fb2-bc9eeb93cff0">
            <Output>
                <DebugTrace>DBVersion: 4.5.31.0</DebugTrace>
            </Output>
        </UnitTestResult>
    </Results>
</TestRun>